[2025-09-28 17:16:22] local.ERROR: Class "App\Providers\Sanctum" not found {"exception":"[object] (Error(code: 0): Class \"App\\Providers\\Sanctum\" not found at /home/akyr/Documents/Code/Larva/Backend/laravel/app/Providers/AppServiceProvider.php:22)
[stacktrace]
#0 /home/akyr/Documents/Code/Larva/Backend/laravel/vendor/laravel/framework/src/Illuminate/Container/BoundMethod.php(36): App\\Providers\\AppServiceProvider->boot()
#1 /home/akyr/Documents/Code/Larva/Backend/laravel/vendor/laravel/framework/src/Illuminate/Container/Util.php(43): Illuminate\\Container\\BoundMethod::{closure:Illuminate\\Container\\BoundMethod::call():35}()
#2 /home/akyr/Documents/Code/Larva/Backend/laravel/vendor/laravel/framework/src/Illuminate/Container/BoundMethod.php(96): Illuminate\\Container\\Util::unwrapIfClosure(Object(Closure))
#3 /home/akyr/Documents/Code/Larva/Backend/laravel/vendor/laravel/framework/src/Illuminate/Container/BoundMethod.php(35): Illuminate\\Container\\BoundMethod::callBoundMethod(Object(Illuminate\\Foundation\\Application), Array, Object(Closure))
#4 /home/akyr/Documents/Code/Larva/Backend/laravel/vendor/laravel/framework/src/Illuminate/Container/Container.php(836): Illuminate\\Container\\BoundMethod::call(Object(Illuminate\\Foundation\\Application), Array, Array, NULL)
#5 /home/akyr/Documents/Code/Larva/Backend/laravel/vendor/laravel/framework/src/Illuminate/Foundation/Application.php(1151): Illuminate\\Container\\Container->call(Array)
#6 /home/akyr/Documents/Code/Larva/Backend/laravel/vendor/laravel/framework/src/Illuminate/Foundation/Application.php(1132): Illuminate\\Foundation\\Application->bootProvider(Object(App\\Providers\\AppServiceProvider))
#7 [internal function]: Illuminate\\Foundation\\Application->{closure:Illuminate\\Foundation\\Application::boot():1131}(Object(App\\Providers\\AppServiceProvider), 'App\\\\Providers\\\\A...')
#8 /home/akyr/Documents/Code/Larva/Backend/laravel/vendor/laravel/framework/src/Illuminate/Foundation/Application.php(1131): array_walk(Array, Object(Closure))
#9 /home/akyr/Documents/Code/Larva/Backend/laravel/vendor/laravel/framework/src/Illuminate/Foundation/Bootstrap/BootProviders.php(17): Illuminate\\Foundation\\Application->boot()
#10 /home/akyr/Documents/Code/Larva/Backend/laravel/vendor/laravel/framework/src/Illuminate/Foundation/Application.php(342): Illuminate\\Foundation\\Bootstrap\\BootProviders->bootstrap(Object(Illuminate\\Foundation\\Application))
#11 /home/akyr/Documents/Code/Larva/Backend/laravel/vendor/laravel/framework/src/Illuminate/Foundation/Console/Kernel.php(473): Illuminate\\Foundation\\Application->bootstrapWith(Array)
#12 /home/akyr/Documents/Code/Larva/Backend/laravel/vendor/laravel/framework/src/Illuminate/Foundation/Console/Kernel.php(195): Illuminate\\Foundation\\Console\\Kernel->bootstrap()
#13 /home/akyr/Documents/Code/Larva/Backend/laravel/vendor/laravel/framework/src/Illuminate/Foundation/Application.php(1235): Illuminate\\Foundation\\Console\\Kernel->handle(Object(Symfony\\Component\\Console\\Input\\ArgvInput), Object(Symfony\\Component\\Console\\Output\\ConsoleOutput))
#14 /home/akyr/Documents/Code/Larva/Backend/laravel/artisan(16): Illuminate\\Foundation\\Application->handleCommand(Object(Symfony\\Component\\Console\\Input\\ArgvInput))
#15 {main}
"} 
[2025-09-28 17:20:11] local.ERROR: Class "App\Providers\Sanctum" not found {"exception":"[object] (Error(code: 0): Class \"App\\Providers\\Sanctum\" not found at /home/akyr/Documents/Code/Larva/Backend/laravel/app/Providers/AppServiceProvider.php:22)
[stacktrace]
#0 /home/akyr/Documents/Code/Larva/Backend/laravel/vendor/laravel/framework/src/Illuminate/Container/BoundMethod.php(36): App\\Providers\\AppServiceProvider->boot()
#1 /home/akyr/Documents/Code/Larva/Backend/laravel/vendor/laravel/framework/src/Illuminate/Container/Util.php(43): Illuminate\\Container\\BoundMethod::{closure:Illuminate\\Container\\BoundMethod::call():35}()
#2 /home/akyr/Documents/Code/Larva/Backend/laravel/vendor/laravel/framework/src/Illuminate/Container/BoundMethod.php(96): Illuminate\\Container\\Util::unwrapIfClosure(Object(Closure))
#3 /home/akyr/Documents/Code/Larva/Backend/laravel/vendor/laravel/framework/src/Illuminate/Container/BoundMethod.php(35): Illuminate\\Container\\BoundMethod::callBoundMethod(Object(Illuminate\\Foundation\\Application), Array, Object(Closure))
#4 /home/akyr/Documents/Code/Larva/Backend/laravel/vendor/laravel/framework/src/Illuminate/Container/Container.php(836): Illuminate\\Container\\BoundMethod::call(Object(Illuminate\\Foundation\\Application), Array, Array, NULL)
#5 /home/akyr/Documents/Code/Larva/Backend/laravel/vendor/laravel/framework/src/Illuminate/Foundation/Application.php(1151): Illuminate\\Container\\Container->call(Array)
#6 /home/akyr/Documents/Code/Larva/Backend/laravel/vendor/laravel/framework/src/Illuminate/Foundation/Application.php(1132): Illuminate\\Foundation\\Application->bootProvider(Object(App\\Providers\\AppServiceProvider))
#7 [internal function]: Illuminate\\Foundation\\Application->{closure:Illuminate\\Foundation\\Application::boot():1131}(Object(App\\Providers\\AppServiceProvider), 'App\\\\Providers\\\\A...')
#8 /home/akyr/Documents/Code/Larva/Backend/laravel/vendor/laravel/framework/src/Illuminate/Foundation/Application.php(1131): array_walk(Array, Object(Closure))
#9 /home/akyr/Documents/Code/Larva/Backend/laravel/vendor/laravel/framework/src/Illuminate/Foundation/Bootstrap/BootProviders.php(17): Illuminate\\Foundation\\Application->boot()
#10 /home/akyr/Documents/Code/Larva/Backend/laravel/vendor/laravel/framework/src/Illuminate/Foundation/Application.php(342): Illuminate\\Foundation\\Bootstrap\\BootProviders->bootstrap(Object(Illuminate\\Foundation\\Application))
#11 /home/akyr/Documents/Code/Larva/Backend/laravel/vendor/laravel/framework/src/Illuminate/Foundation/Console/Kernel.php(473): Illuminate\\Foundation\\Application->bootstrapWith(Array)
#12 /home/akyr/Documents/Code/Larva/Backend/laravel/vendor/laravel/framework/src/Illuminate/Foundation/Console/Kernel.php(195): Illuminate\\Foundation\\Console\\Kernel->bootstrap()
#13 /home/akyr/Documents/Code/Larva/Backend/laravel/vendor/laravel/framework/src/Illuminate/Foundation/Application.php(1235): Illuminate\\Foundation\\Console\\Kernel->handle(Object(Symfony\\Component\\Console\\Input\\ArgvInput), Object(Symfony\\Component\\Console\\Output\\ConsoleOutput))
#14 /home/akyr/Documents/Code/Larva/Backend/laravel/artisan(16): Illuminate\\Foundation\\Application->handleCommand(Object(Symfony\\Component\\Console\\Input\\ArgvInput))
#15 {main}
"} 
[2025-09-28 17:20:24] local.ERROR: Class "App\Providers\Sanctum" not found {"exception":"[object] (Error(code: 0): Class \"App\\Providers\\Sanctum\" not found at /home/akyr/Documents/Code/Larva/Backend/laravel/app/Providers/AppServiceProvider.php:22)
[stacktrace]
#0 /home/akyr/Documents/Code/Larva/Backend/laravel/vendor/laravel/framework/src/Illuminate/Container/BoundMethod.php(36): App\\Providers\\AppServiceProvider->boot()
#1 /home/akyr/Documents/Code/Larva/Backend/laravel/vendor/laravel/framework/src/Illuminate/Container/Util.php(43): Illuminate\\Container\\BoundMethod::{closure:Illuminate\\Container\\BoundMethod::call():35}()
#2 /home/akyr/Documents/Code/Larva/Backend/laravel/vendor/laravel/framework/src/Illuminate/Container/BoundMethod.php(96): Illuminate\\Container\\Util::unwrapIfClosure(Object(Closure))
#3 /home/akyr/Documents/Code/Larva/Backend/laravel/vendor/laravel/framework/src/Illuminate/Container/BoundMethod.php(35): Illuminate\\Container\\BoundMethod::callBoundMethod(Object(Illuminate\\Foundation\\Application), Array, Object(Closure))
#4 /home/akyr/Documents/Code/Larva/Backend/laravel/vendor/laravel/framework/src/Illuminate/Container/Container.php(836): Illuminate\\Container\\BoundMethod::call(Object(Illuminate\\Foundation\\Application), Array, Array, NULL)
#5 /home/akyr/Documents/Code/Larva/Backend/laravel/vendor/laravel/framework/src/Illuminate/Foundation/Application.php(1151): Illuminate\\Container\\Container->call(Array)
#6 /home/akyr/Documents/Code/Larva/Backend/laravel/vendor/laravel/framework/src/Illuminate/Foundation/Application.php(1132): Illuminate\\Foundation\\Application->bootProvider(Object(App\\Providers\\AppServiceProvider))
#7 [internal function]: Illuminate\\Foundation\\Application->{closure:Illuminate\\Foundation\\Application::boot():1131}(Object(App\\Providers\\AppServiceProvider), 'App\\\\Providers\\\\A...')
#8 /home/akyr/Documents/Code/Larva/Backend/laravel/vendor/laravel/framework/src/Illuminate/Foundation/Application.php(1131): array_walk(Array, Object(Closure))
#9 /home/akyr/Documents/Code/Larva/Backend/laravel/vendor/laravel/framework/src/Illuminate/Foundation/Bootstrap/BootProviders.php(17): Illuminate\\Foundation\\Application->boot()
#10 /home/akyr/Documents/Code/Larva/Backend/laravel/vendor/laravel/framework/src/Illuminate/Foundation/Application.php(342): Illuminate\\Foundation\\Bootstrap\\BootProviders->bootstrap(Object(Illuminate\\Foundation\\Application))
#11 /home/akyr/Documents/Code/Larva/Backend/laravel/vendor/laravel/framework/src/Illuminate/Foundation/Console/Kernel.php(473): Illuminate\\Foundation\\Application->bootstrapWith(Array)
#12 /home/akyr/Documents/Code/Larva/Backend/laravel/vendor/laravel/framework/src/Illuminate/Foundation/Console/Kernel.php(195): Illuminate\\Foundation\\Console\\Kernel->bootstrap()
#13 /home/akyr/Documents/Code/Larva/Backend/laravel/vendor/laravel/framework/src/Illuminate/Foundation/Application.php(1235): Illuminate\\Foundation\\Console\\Kernel->handle(Object(Symfony\\Component\\Console\\Input\\ArgvInput), Object(Symfony\\Component\\Console\\Output\\ConsoleOutput))
#14 /home/akyr/Documents/Code/Larva/Backend/laravel/artisan(16): Illuminate\\Foundation\\Application->handleCommand(Object(Symfony\\Component\\Console\\Input\\ArgvInput))
#15 {main}
"} 
[2025-09-28 17:20:35] local.ERROR: Class "App\Providers\Sanctum" not found {"exception":"[object] (Error(code: 0): Class \"App\\Providers\\Sanctum\" not found at /home/akyr/Documents/Code/Larva/Backend/laravel/app/Providers/AppServiceProvider.php:22)
[stacktrace]
#0 /home/akyr/Documents/Code/Larva/Backend/laravel/vendor/laravel/framework/src/Illuminate/Container/BoundMethod.php(36): App\\Providers\\AppServiceProvider->boot()
#1 /home/akyr/Documents/Code/Larva/Backend/laravel/vendor/laravel/framework/src/Illuminate/Container/Util.php(43): Illuminate\\Container\\BoundMethod::{closure:Illuminate\\Container\\BoundMethod::call():35}()
#2 /home/akyr/Documents/Code/Larva/Backend/laravel/vendor/laravel/framework/src/Illuminate/Container/BoundMethod.php(96): Illuminate\\Container\\Util::unwrapIfClosure(Object(Closure))
#3 /home/akyr/Documents/Code/Larva/Backend/laravel/vendor/laravel/framework/src/Illuminate/Container/BoundMethod.php(35): Illuminate\\Container\\BoundMethod::callBoundMethod(Object(Illuminate\\Foundation\\Application), Array, Object(Closure))
#4 /home/akyr/Documents/Code/Larva/Backend/laravel/vendor/laravel/framework/src/Illuminate/Container/Container.php(836): Illuminate\\Container\\BoundMethod::call(Object(Illuminate\\Foundation\\Application), Array, Array, NULL)
#5 /home/akyr/Documents/Code/Larva/Backend/laravel/vendor/laravel/framework/src/Illuminate/Foundation/Application.php(1151): Illuminate\\Container\\Container->call(Array)
#6 /home/akyr/Documents/Code/Larva/Backend/laravel/vendor/laravel/framework/src/Illuminate/Foundation/Application.php(1132): Illuminate\\Foundation\\Application->bootProvider(Object(App\\Providers\\AppServiceProvider))
#7 [internal function]: Illuminate\\Foundation\\Application->{closure:Illuminate\\Foundation\\Application::boot():1131}(Object(App\\Providers\\AppServiceProvider), 'App\\\\Providers\\\\A...')
#8 /home/akyr/Documents/Code/Larva/Backend/laravel/vendor/laravel/framework/src/Illuminate/Foundation/Application.php(1131): array_walk(Array, Object(Closure))
#9 /home/akyr/Documents/Code/Larva/Backend/laravel/vendor/laravel/framework/src/Illuminate/Foundation/Bootstrap/BootProviders.php(17): Illuminate\\Foundation\\Application->boot()
#10 /home/akyr/Documents/Code/Larva/Backend/laravel/vendor/laravel/framework/src/Illuminate/Foundation/Application.php(342): Illuminate\\Foundation\\Bootstrap\\BootProviders->bootstrap(Object(Illuminate\\Foundation\\Application))
#11 /home/akyr/Documents/Code/Larva/Backend/laravel/vendor/laravel/framework/src/Illuminate/Foundation/Console/Kernel.php(473): Illuminate\\Foundation\\Application->bootstrapWith(Array)
#12 /home/akyr/Documents/Code/Larva/Backend/laravel/vendor/laravel/framework/src/Illuminate/Foundation/Console/Kernel.php(195): Illuminate\\Foundation\\Console\\Kernel->bootstrap()
#13 /home/akyr/Documents/Code/Larva/Backend/laravel/vendor/laravel/framework/src/Illuminate/Foundation/Application.php(1235): Illuminate\\Foundation\\Console\\Kernel->handle(Object(Symfony\\Component\\Console\\Input\\ArgvInput), Object(Symfony\\Component\\Console\\Output\\ConsoleOutput))
#14 /home/akyr/Documents/Code/Larva/Backend/laravel/artisan(16): Illuminate\\Foundation\\Application->handleCommand(Object(Symfony\\Component\\Console\\Input\\ArgvInput))
#15 {main}
"} 
[2025-09-28 17:20:54] local.ERROR: Class "App\Providers\Sanctum" not found {"exception":"[object] (Error(code: 0): Class \"App\\Providers\\Sanctum\" not found at /home/akyr/Documents/Code/Larva/Backend/laravel/app/Providers/AppServiceProvider.php:22)
[stacktrace]
#0 /home/akyr/Documents/Code/Larva/Backend/laravel/vendor/laravel/framework/src/Illuminate/Container/BoundMethod.php(36): App\\Providers\\AppServiceProvider->boot()
#1 /home/akyr/Documents/Code/Larva/Backend/laravel/vendor/laravel/framework/src/Illuminate/Container/Util.php(43): Illuminate\\Container\\BoundMethod::{closure:Illuminate\\Container\\BoundMethod::call():35}()
#2 /home/akyr/Documents/Code/Larva/Backend/laravel/vendor/laravel/framework/src/Illuminate/Container/BoundMethod.php(96): Illuminate\\Container\\Util::unwrapIfClosure(Object(Closure))
#3 /home/akyr/Documents/Code/Larva/Backend/laravel/vendor/laravel/framework/src/Illuminate/Container/BoundMethod.php(35): Illuminate\\Container\\BoundMethod::callBoundMethod(Object(Illuminate\\Foundation\\Application), Array, Object(Closure))
#4 /home/akyr/Documents/Code/Larva/Backend/laravel/vendor/laravel/framework/src/Illuminate/Container/Container.php(836): Illuminate\\Container\\BoundMethod::call(Object(Illuminate\\Foundation\\Application), Array, Array, NULL)
#5 /home/akyr/Documents/Code/Larva/Backend/laravel/vendor/laravel/framework/src/Illuminate/Foundation/Application.php(1151): Illuminate\\Container\\Container->call(Array)
#6 /home/akyr/Documents/Code/Larva/Backend/laravel/vendor/laravel/framework/src/Illuminate/Foundation/Application.php(1132): Illuminate\\Foundation\\Application->bootProvider(Object(App\\Providers\\AppServiceProvider))
#7 [internal function]: Illuminate\\Foundation\\Application->{closure:Illuminate\\Foundation\\Application::boot():1131}(Object(App\\Providers\\AppServiceProvider), 'App\\\\Providers\\\\A...')
#8 /home/akyr/Documents/Code/Larva/Backend/laravel/vendor/laravel/framework/src/Illuminate/Foundation/Application.php(1131): array_walk(Array, Object(Closure))
#9 /home/akyr/Documents/Code/Larva/Backend/laravel/vendor/laravel/framework/src/Illuminate/Foundation/Bootstrap/BootProviders.php(17): Illuminate\\Foundation\\Application->boot()
#10 /home/akyr/Documents/Code/Larva/Backend/laravel/vendor/laravel/framework/src/Illuminate/Foundation/Application.php(342): Illuminate\\Foundation\\Bootstrap\\BootProviders->bootstrap(Object(Illuminate\\Foundation\\Application))
#11 /home/akyr/Documents/Code/Larva/Backend/laravel/vendor/laravel/framework/src/Illuminate/Foundation/Console/Kernel.php(473): Illuminate\\Foundation\\Application->bootstrapWith(Array)
#12 /home/akyr/Documents/Code/Larva/Backend/laravel/vendor/laravel/framework/src/Illuminate/Foundation/Console/Kernel.php(195): Illuminate\\Foundation\\Console\\Kernel->bootstrap()
#13 /home/akyr/Documents/Code/Larva/Backend/laravel/vendor/laravel/framework/src/Illuminate/Foundation/Application.php(1235): Illuminate\\Foundation\\Console\\Kernel->handle(Object(Symfony\\Component\\Console\\Input\\ArgvInput), Object(Symfony\\Component\\Console\\Output\\ConsoleOutput))
#14 /home/akyr/Documents/Code/Larva/Backend/laravel/artisan(16): Illuminate\\Foundation\\Application->handleCommand(Object(Symfony\\Component\\Console\\Input\\ArgvInput))
#15 {main}
"} 
[2025-09-28 17:21:47] local.ERROR: Class "App\Providers\Sanctum" not found {"exception":"[object] (Error(code: 0): Class \"App\\Providers\\Sanctum\" not found at /home/akyr/Documents/Code/Larva/Backend/laravel/app/Providers/AppServiceProvider.php:22)
[stacktrace]
#0 /home/akyr/Documents/Code/Larva/Backend/laravel/vendor/laravel/framework/src/Illuminate/Container/BoundMethod.php(36): App\\Providers\\AppServiceProvider->boot()
#1 /home/akyr/Documents/Code/Larva/Backend/laravel/vendor/laravel/framework/src/Illuminate/Container/Util.php(43): Illuminate\\Container\\BoundMethod::{closure:Illuminate\\Container\\BoundMethod::call():35}()
#2 /home/akyr/Documents/Code/Larva/Backend/laravel/vendor/laravel/framework/src/Illuminate/Container/BoundMethod.php(96): Illuminate\\Container\\Util::unwrapIfClosure(Object(Closure))
#3 /home/akyr/Documents/Code/Larva/Backend/laravel/vendor/laravel/framework/src/Illuminate/Container/BoundMethod.php(35): Illuminate\\Container\\BoundMethod::callBoundMethod(Object(Illuminate\\Foundation\\Application), Array, Object(Closure))
#4 /home/akyr/Documents/Code/Larva/Backend/laravel/vendor/laravel/framework/src/Illuminate/Container/Container.php(836): Illuminate\\Container\\BoundMethod::call(Object(Illuminate\\Foundation\\Application), Array, Array, NULL)
#5 /home/akyr/Documents/Code/Larva/Backend/laravel/vendor/laravel/framework/src/Illuminate/Foundation/Application.php(1151): Illuminate\\Container\\Container->call(Array)
#6 /home/akyr/Documents/Code/Larva/Backend/laravel/vendor/laravel/framework/src/Illuminate/Foundation/Application.php(1132): Illuminate\\Foundation\\Application->bootProvider(Object(App\\Providers\\AppServiceProvider))
#7 [internal function]: Illuminate\\Foundation\\Application->{closure:Illuminate\\Foundation\\Application::boot():1131}(Object(App\\Providers\\AppServiceProvider), 'App\\\\Providers\\\\A...')
#8 /home/akyr/Documents/Code/Larva/Backend/laravel/vendor/laravel/framework/src/Illuminate/Foundation/Application.php(1131): array_walk(Array, Object(Closure))
#9 /home/akyr/Documents/Code/Larva/Backend/laravel/vendor/laravel/framework/src/Illuminate/Foundation/Bootstrap/BootProviders.php(17): Illuminate\\Foundation\\Application->boot()
#10 /home/akyr/Documents/Code/Larva/Backend/laravel/vendor/laravel/framework/src/Illuminate/Foundation/Application.php(342): Illuminate\\Foundation\\Bootstrap\\BootProviders->bootstrap(Object(Illuminate\\Foundation\\Application))
#11 /home/akyr/Documents/Code/Larva/Backend/laravel/vendor/laravel/framework/src/Illuminate/Foundation/Console/Kernel.php(473): Illuminate\\Foundation\\Application->bootstrapWith(Array)
#12 /home/akyr/Documents/Code/Larva/Backend/laravel/vendor/laravel/framework/src/Illuminate/Foundation/Console/Kernel.php(195): Illuminate\\Foundation\\Console\\Kernel->bootstrap()
#13 /home/akyr/Documents/Code/Larva/Backend/laravel/vendor/laravel/framework/src/Illuminate/Foundation/Application.php(1235): Illuminate\\Foundation\\Console\\Kernel->handle(Object(Symfony\\Component\\Console\\Input\\ArgvInput), Object(Symfony\\Component\\Console\\Output\\ConsoleOutput))
#14 /home/akyr/Documents/Code/Larva/Backend/laravel/artisan(16): Illuminate\\Foundation\\Application->handleCommand(Object(Symfony\\Component\\Console\\Input\\ArgvInput))
#15 {main}
"} 
[2025-09-28 17:21:57] local.ERROR: Class "App\Providers\Sanctum" not found {"exception":"[object] (Error(code: 0): Class \"App\\Providers\\Sanctum\" not found at /home/akyr/Documents/Code/Larva/Backend/laravel/app/Providers/AppServiceProvider.php:22)
[stacktrace]
#0 /home/akyr/Documents/Code/Larva/Backend/laravel/vendor/laravel/framework/src/Illuminate/Container/BoundMethod.php(36): App\\Providers\\AppServiceProvider->boot()
#1 /home/akyr/Documents/Code/Larva/Backend/laravel/vendor/laravel/framework/src/Illuminate/Container/Util.php(43): Illuminate\\Container\\BoundMethod::{closure:Illuminate\\Container\\BoundMethod::call():35}()
#2 /home/akyr/Documents/Code/Larva/Backend/laravel/vendor/laravel/framework/src/Illuminate/Container/BoundMethod.php(96): Illuminate\\Container\\Util::unwrapIfClosure(Object(Closure))
#3 /home/akyr/Documents/Code/Larva/Backend/laravel/vendor/laravel/framework/src/Illuminate/Container/BoundMethod.php(35): Illuminate\\Container\\BoundMethod::callBoundMethod(Object(Illuminate\\Foundation\\Application), Array, Object(Closure))
#4 /home/akyr/Documents/Code/Larva/Backend/laravel/vendor/laravel/framework/src/Illuminate/Container/Container.php(836): Illuminate\\Container\\BoundMethod::call(Object(Illuminate\\Foundation\\Application), Array, Array, NULL)
#5 /home/akyr/Documents/Code/Larva/Backend/laravel/vendor/laravel/framework/src/Illuminate/Foundation/Application.php(1151): Illuminate\\Container\\Container->call(Array)
#6 /home/akyr/Documents/Code/Larva/Backend/laravel/vendor/laravel/framework/src/Illuminate/Foundation/Application.php(1132): Illuminate\\Foundation\\Application->bootProvider(Object(App\\Providers\\AppServiceProvider))
#7 [internal function]: Illuminate\\Foundation\\Application->{closure:Illuminate\\Foundation\\Application::boot():1131}(Object(App\\Providers\\AppServiceProvider), 'App\\\\Providers\\\\A...')
#8 /home/akyr/Documents/Code/Larva/Backend/laravel/vendor/laravel/framework/src/Illuminate/Foundation/Application.php(1131): array_walk(Array, Object(Closure))
#9 /home/akyr/Documents/Code/Larva/Backend/laravel/vendor/laravel/framework/src/Illuminate/Foundation/Bootstrap/BootProviders.php(17): Illuminate\\Foundation\\Application->boot()
#10 /home/akyr/Documents/Code/Larva/Backend/laravel/vendor/laravel/framework/src/Illuminate/Foundation/Application.php(342): Illuminate\\Foundation\\Bootstrap\\BootProviders->bootstrap(Object(Illuminate\\Foundation\\Application))
#11 /home/akyr/Documents/Code/Larva/Backend/laravel/vendor/laravel/framework/src/Illuminate/Foundation/Console/Kernel.php(473): Illuminate\\Foundation\\Application->bootstrapWith(Array)
#12 /home/akyr/Documents/Code/Larva/Backend/laravel/vendor/laravel/framework/src/Illuminate/Foundation/Console/Kernel.php(195): Illuminate\\Foundation\\Console\\Kernel->bootstrap()
#13 /home/akyr/Documents/Code/Larva/Backend/laravel/vendor/laravel/framework/src/Illuminate/Foundation/Application.php(1235): Illuminate\\Foundation\\Console\\Kernel->handle(Object(Symfony\\Component\\Console\\Input\\ArgvInput), Object(Symfony\\Component\\Console\\Output\\ConsoleOutput))
#14 /home/akyr/Documents/Code/Larva/Backend/laravel/artisan(16): Illuminate\\Foundation\\Application->handleCommand(Object(Symfony\\Component\\Console\\Input\\ArgvInput))
#15 {main}
"} 
[2025-09-28 17:22:10] local.ERROR: Class "App\Providers\Sanctum" not found {"exception":"[object] (Error(code: 0): Class \"App\\Providers\\Sanctum\" not found at /home/akyr/Documents/Code/Larva/Backend/laravel/app/Providers/AppServiceProvider.php:22)
[stacktrace]
#0 /home/akyr/Documents/Code/Larva/Backend/laravel/vendor/laravel/framework/src/Illuminate/Container/BoundMethod.php(36): App\\Providers\\AppServiceProvider->boot()
#1 /home/akyr/Documents/Code/Larva/Backend/laravel/vendor/laravel/framework/src/Illuminate/Container/Util.php(43): Illuminate\\Container\\BoundMethod::{closure:Illuminate\\Container\\BoundMethod::call():35}()
#2 /home/akyr/Documents/Code/Larva/Backend/laravel/vendor/laravel/framework/src/Illuminate/Container/BoundMethod.php(96): Illuminate\\Container\\Util::unwrapIfClosure(Object(Closure))
#3 /home/akyr/Documents/Code/Larva/Backend/laravel/vendor/laravel/framework/src/Illuminate/Container/BoundMethod.php(35): Illuminate\\Container\\BoundMethod::callBoundMethod(Object(Illuminate\\Foundation\\Application), Array, Object(Closure))
#4 /home/akyr/Documents/Code/Larva/Backend/laravel/vendor/laravel/framework/src/Illuminate/Container/Container.php(836): Illuminate\\Container\\BoundMethod::call(Object(Illuminate\\Foundation\\Application), Array, Array, NULL)
#5 /home/akyr/Documents/Code/Larva/Backend/laravel/vendor/laravel/framework/src/Illuminate/Foundation/Application.php(1151): Illuminate\\Container\\Container->call(Array)
#6 /home/akyr/Documents/Code/Larva/Backend/laravel/vendor/laravel/framework/src/Illuminate/Foundation/Application.php(1132): Illuminate\\Foundation\\Application->bootProvider(Object(App\\Providers\\AppServiceProvider))
#7 [internal function]: Illuminate\\Foundation\\Application->{closure:Illuminate\\Foundation\\Application::boot():1131}(Object(App\\Providers\\AppServiceProvider), 'App\\\\Providers\\\\A...')
#8 /home/akyr/Documents/Code/Larva/Backend/laravel/vendor/laravel/framework/src/Illuminate/Foundation/Application.php(1131): array_walk(Array, Object(Closure))
#9 /home/akyr/Documents/Code/Larva/Backend/laravel/vendor/laravel/framework/src/Illuminate/Foundation/Bootstrap/BootProviders.php(17): Illuminate\\Foundation\\Application->boot()
#10 /home/akyr/Documents/Code/Larva/Backend/laravel/vendor/laravel/framework/src/Illuminate/Foundation/Application.php(342): Illuminate\\Foundation\\Bootstrap\\BootProviders->bootstrap(Object(Illuminate\\Foundation\\Application))
#11 /home/akyr/Documents/Code/Larva/Backend/laravel/vendor/laravel/framework/src/Illuminate/Foundation/Console/Kernel.php(473): Illuminate\\Foundation\\Application->bootstrapWith(Array)
#12 /home/akyr/Documents/Code/Larva/Backend/laravel/vendor/laravel/framework/src/Illuminate/Foundation/Console/Kernel.php(195): Illuminate\\Foundation\\Console\\Kernel->bootstrap()
#13 /home/akyr/Documents/Code/Larva/Backend/laravel/vendor/laravel/framework/src/Illuminate/Foundation/Application.php(1235): Illuminate\\Foundation\\Console\\Kernel->handle(Object(Symfony\\Component\\Console\\Input\\ArgvInput), Object(Symfony\\Component\\Console\\Output\\ConsoleOutput))
#14 /home/akyr/Documents/Code/Larva/Backend/laravel/artisan(16): Illuminate\\Foundation\\Application->handleCommand(Object(Symfony\\Component\\Console\\Input\\ArgvInput))
#15 {main}
"} 
[2025-09-28 17:23:28] local.ERROR: require(/home/akyr/Documents/Code/Larva/Backend/laravel/bootstrap/../routes/api.php): Failed to open stream: No such file or directory {"exception":"[object] (ErrorException(code: 0): require(/home/akyr/Documents/Code/Larva/Backend/laravel/bootstrap/../routes/api.php): Failed to open stream: No such file or directory at /home/akyr/Documents/Code/Larva/Backend/laravel/vendor/laravel/framework/src/Illuminate/Routing/RouteFileRegistrar.php:34)
[stacktrace]
#0 /home/akyr/Documents/Code/Larva/Backend/laravel/vendor/laravel/framework/src/Illuminate/Foundation/Bootstrap/HandleExceptions.php(258): Illuminate\\Foundation\\Bootstrap\\HandleExceptions->handleError(2, 'require(/home/a...', '/home/akyr/Docu...', 34)
#1 /home/akyr/Documents/Code/Larva/Backend/laravel/vendor/laravel/framework/src/Illuminate/Routing/RouteFileRegistrar.php(34): Illuminate\\Foundation\\Bootstrap\\HandleExceptions->{closure:Illuminate\\Foundation\\Bootstrap\\HandleExceptions::forwardsTo():257}(2, 'require(/home/a...', '/home/akyr/Docu...', 34)
#2 /home/akyr/Documents/Code/Larva/Backend/laravel/vendor/laravel/framework/src/Illuminate/Routing/RouteFileRegistrar.php(34): require('/home/akyr/Docu...')
#3 /home/akyr/Documents/Code/Larva/Backend/laravel/vendor/laravel/framework/src/Illuminate/Routing/Router.php(526): Illuminate\\Routing\\RouteFileRegistrar->register('/home/akyr/Docu...')
#4 /home/akyr/Documents/Code/Larva/Backend/laravel/vendor/laravel/framework/src/Illuminate/Routing/Router.php(480): Illuminate\\Routing\\Router->loadRoutes('/home/akyr/Docu...')
#5 /home/akyr/Documents/Code/Larva/Backend/laravel/vendor/laravel/framework/src/Illuminate/Routing/RouteRegistrar.php(210): Illuminate\\Routing\\Router->group(Array, '/home/akyr/Docu...')
#6 /home/akyr/Documents/Code/Larva/Backend/laravel/vendor/laravel/framework/src/Illuminate/Foundation/Configuration/ApplicationBuilder.php(214): Illuminate\\Routing\\RouteRegistrar->group('/home/akyr/Docu...')
#7 /home/akyr/Documents/Code/Larva/Backend/laravel/vendor/laravel/framework/src/Illuminate/Container/BoundMethod.php(36): Illuminate\\Foundation\\Configuration\\ApplicationBuilder->{closure:Illuminate\\Foundation\\Configuration\\ApplicationBuilder::buildRoutingCallback():205}()
#8 /home/akyr/Documents/Code/Larva/Backend/laravel/vendor/laravel/framework/src/Illuminate/Container/Util.php(43): Illuminate\\Container\\BoundMethod::{closure:Illuminate\\Container\\BoundMethod::call():35}()
#9 /home/akyr/Documents/Code/Larva/Backend/laravel/vendor/laravel/framework/src/Illuminate/Container/BoundMethod.php(84): Illuminate\\Container\\Util::unwrapIfClosure(Object(Closure))
#10 /home/akyr/Documents/Code/Larva/Backend/laravel/vendor/laravel/framework/src/Illuminate/Container/BoundMethod.php(35): Illuminate\\Container\\BoundMethod::callBoundMethod(Object(Illuminate\\Foundation\\Application), Object(Closure), Object(Closure))
#11 /home/akyr/Documents/Code/Larva/Backend/laravel/vendor/laravel/framework/src/Illuminate/Container/Container.php(836): Illuminate\\Container\\BoundMethod::call(Object(Illuminate\\Foundation\\Application), Object(Closure), Array, NULL)
#12 /home/akyr/Documents/Code/Larva/Backend/laravel/vendor/laravel/framework/src/Illuminate/Foundation/Support/Providers/RouteServiceProvider.php(162): Illuminate\\Container\\Container->call(Object(Closure))
#13 /home/akyr/Documents/Code/Larva/Backend/laravel/vendor/laravel/framework/src/Illuminate/Foundation/Support/Providers/RouteServiceProvider.php(59): Illuminate\\Foundation\\Support\\Providers\\RouteServiceProvider->loadRoutes()
#14 /home/akyr/Documents/Code/Larva/Backend/laravel/vendor/laravel/framework/src/Illuminate/Container/BoundMethod.php(36): Illuminate\\Foundation\\Support\\Providers\\RouteServiceProvider->{closure:Illuminate\\Foundation\\Support\\Providers\\RouteServiceProvider::register():53}()
#15 /home/akyr/Documents/Code/Larva/Backend/laravel/vendor/laravel/framework/src/Illuminate/Container/Util.php(43): Illuminate\\Container\\BoundMethod::{closure:Illuminate\\Container\\BoundMethod::call():35}()
#16 /home/akyr/Documents/Code/Larva/Backend/laravel/vendor/laravel/framework/src/Illuminate/Container/BoundMethod.php(84): Illuminate\\Container\\Util::unwrapIfClosure(Object(Closure))
#17 /home/akyr/Documents/Code/Larva/Backend/laravel/vendor/laravel/framework/src/Illuminate/Container/BoundMethod.php(35): Illuminate\\Container\\BoundMethod::callBoundMethod(Object(Illuminate\\Foundation\\Application), Object(Closure), Object(Closure))
#18 /home/akyr/Documents/Code/Larva/Backend/laravel/vendor/laravel/framework/src/Illuminate/Container/Container.php(836): Illuminate\\Container\\BoundMethod::call(Object(Illuminate\\Foundation\\Application), Object(Closure), Array, NULL)
#19 /home/akyr/Documents/Code/Larva/Backend/laravel/vendor/laravel/framework/src/Illuminate/Support/ServiceProvider.php(143): Illuminate\\Container\\Container->call(Object(Closure))
#20 /home/akyr/Documents/Code/Larva/Backend/laravel/vendor/laravel/framework/src/Illuminate/Foundation/Application.php(1154): Illuminate\\Support\\ServiceProvider->callBootedCallbacks()
#21 /home/akyr/Documents/Code/Larva/Backend/laravel/vendor/laravel/framework/src/Illuminate/Foundation/Application.php(1132): Illuminate\\Foundation\\Application->bootProvider(Object(Illuminate\\Foundation\\Support\\Providers\\RouteServiceProvider))
#22 [internal function]: Illuminate\\Foundation\\Application->{closure:Illuminate\\Foundation\\Application::boot():1131}(Object(Illuminate\\Foundation\\Support\\Providers\\RouteServiceProvider), 'Illuminate\\\\Foun...')
#23 /home/akyr/Documents/Code/Larva/Backend/laravel/vendor/laravel/framework/src/Illuminate/Foundation/Application.php(1131): array_walk(Array, Object(Closure))
#24 /home/akyr/Documents/Code/Larva/Backend/laravel/vendor/laravel/framework/src/Illuminate/Foundation/Bootstrap/BootProviders.php(17): Illuminate\\Foundation\\Application->boot()
#25 /home/akyr/Documents/Code/Larva/Backend/laravel/vendor/laravel/framework/src/Illuminate/Foundation/Application.php(342): Illuminate\\Foundation\\Bootstrap\\BootProviders->bootstrap(Object(Illuminate\\Foundation\\Application))
#26 /home/akyr/Documents/Code/Larva/Backend/laravel/vendor/laravel/framework/src/Illuminate/Foundation/Console/Kernel.php(473): Illuminate\\Foundation\\Application->bootstrapWith(Array)
#27 /home/akyr/Documents/Code/Larva/Backend/laravel/vendor/laravel/framework/src/Illuminate/Foundation/Console/Kernel.php(195): Illuminate\\Foundation\\Console\\Kernel->bootstrap()
#28 /home/akyr/Documents/Code/Larva/Backend/laravel/vendor/laravel/framework/src/Illuminate/Foundation/Application.php(1235): Illuminate\\Foundation\\Console\\Kernel->handle(Object(Symfony\\Component\\Console\\Input\\ArgvInput), Object(Symfony\\Component\\Console\\Output\\ConsoleOutput))
#29 /home/akyr/Documents/Code/Larva/Backend/laravel/artisan(16): Illuminate\\Foundation\\Application->handleCommand(Object(Symfony\\Component\\Console\\Input\\ArgvInput))
#30 {main}
"} 
[2025-09-28 17:25:54] local.ERROR: require(/home/akyr/Documents/Code/Larva/Backend/laravel/bootstrap/../routes/api.php): Failed to open stream: No such file or directory {"exception":"[object] (ErrorException(code: 0): require(/home/akyr/Documents/Code/Larva/Backend/laravel/bootstrap/../routes/api.php): Failed to open stream: No such file or directory at /home/akyr/Documents/Code/Larva/Backend/laravel/vendor/laravel/framework/src/Illuminate/Routing/RouteFileRegistrar.php:34)
[stacktrace]
#0 /home/akyr/Documents/Code/Larva/Backend/laravel/vendor/laravel/framework/src/Illuminate/Foundation/Bootstrap/HandleExceptions.php(258): Illuminate\\Foundation\\Bootstrap\\HandleExceptions->handleError(2, 'require(/home/a...', '/home/akyr/Docu...', 34)
#1 /home/akyr/Documents/Code/Larva/Backend/laravel/vendor/laravel/framework/src/Illuminate/Routing/RouteFileRegistrar.php(34): Illuminate\\Foundation\\Bootstrap\\HandleExceptions->{closure:Illuminate\\Foundation\\Bootstrap\\HandleExceptions::forwardsTo():257}(2, 'require(/home/a...', '/home/akyr/Docu...', 34)
#2 /home/akyr/Documents/Code/Larva/Backend/laravel/vendor/laravel/framework/src/Illuminate/Routing/RouteFileRegistrar.php(34): require('/home/akyr/Docu...')
#3 /home/akyr/Documents/Code/Larva/Backend/laravel/vendor/laravel/framework/src/Illuminate/Routing/Router.php(526): Illuminate\\Routing\\RouteFileRegistrar->register('/home/akyr/Docu...')
#4 /home/akyr/Documents/Code/Larva/Backend/laravel/vendor/laravel/framework/src/Illuminate/Routing/Router.php(480): Illuminate\\Routing\\Router->loadRoutes('/home/akyr/Docu...')
#5 /home/akyr/Documents/Code/Larva/Backend/laravel/vendor/laravel/framework/src/Illuminate/Routing/RouteRegistrar.php(210): Illuminate\\Routing\\Router->group(Array, '/home/akyr/Docu...')
#6 /home/akyr/Documents/Code/Larva/Backend/laravel/vendor/laravel/framework/src/Illuminate/Foundation/Configuration/ApplicationBuilder.php(214): Illuminate\\Routing\\RouteRegistrar->group('/home/akyr/Docu...')
#7 /home/akyr/Documents/Code/Larva/Backend/laravel/vendor/laravel/framework/src/Illuminate/Container/BoundMethod.php(36): Illuminate\\Foundation\\Configuration\\ApplicationBuilder->{closure:Illuminate\\Foundation\\Configuration\\ApplicationBuilder::buildRoutingCallback():205}()
#8 /home/akyr/Documents/Code/Larva/Backend/laravel/vendor/laravel/framework/src/Illuminate/Container/Util.php(43): Illuminate\\Container\\BoundMethod::{closure:Illuminate\\Container\\BoundMethod::call():35}()
#9 /home/akyr/Documents/Code/Larva/Backend/laravel/vendor/laravel/framework/src/Illuminate/Container/BoundMethod.php(84): Illuminate\\Container\\Util::unwrapIfClosure(Object(Closure))
#10 /home/akyr/Documents/Code/Larva/Backend/laravel/vendor/laravel/framework/src/Illuminate/Container/BoundMethod.php(35): Illuminate\\Container\\BoundMethod::callBoundMethod(Object(Illuminate\\Foundation\\Application), Object(Closure), Object(Closure))
#11 /home/akyr/Documents/Code/Larva/Backend/laravel/vendor/laravel/framework/src/Illuminate/Container/Container.php(836): Illuminate\\Container\\BoundMethod::call(Object(Illuminate\\Foundation\\Application), Object(Closure), Array, NULL)
#12 /home/akyr/Documents/Code/Larva/Backend/laravel/vendor/laravel/framework/src/Illuminate/Foundation/Support/Providers/RouteServiceProvider.php(162): Illuminate\\Container\\Container->call(Object(Closure))
#13 /home/akyr/Documents/Code/Larva/Backend/laravel/vendor/laravel/framework/src/Illuminate/Foundation/Support/Providers/RouteServiceProvider.php(59): Illuminate\\Foundation\\Support\\Providers\\RouteServiceProvider->loadRoutes()
#14 /home/akyr/Documents/Code/Larva/Backend/laravel/vendor/laravel/framework/src/Illuminate/Container/BoundMethod.php(36): Illuminate\\Foundation\\Support\\Providers\\RouteServiceProvider->{closure:Illuminate\\Foundation\\Support\\Providers\\RouteServiceProvider::register():53}()
#15 /home/akyr/Documents/Code/Larva/Backend/laravel/vendor/laravel/framework/src/Illuminate/Container/Util.php(43): Illuminate\\Container\\BoundMethod::{closure:Illuminate\\Container\\BoundMethod::call():35}()
#16 /home/akyr/Documents/Code/Larva/Backend/laravel/vendor/laravel/framework/src/Illuminate/Container/BoundMethod.php(84): Illuminate\\Container\\Util::unwrapIfClosure(Object(Closure))
#17 /home/akyr/Documents/Code/Larva/Backend/laravel/vendor/laravel/framework/src/Illuminate/Container/BoundMethod.php(35): Illuminate\\Container\\BoundMethod::callBoundMethod(Object(Illuminate\\Foundation\\Application), Object(Closure), Object(Closure))
#18 /home/akyr/Documents/Code/Larva/Backend/laravel/vendor/laravel/framework/src/Illuminate/Container/Container.php(836): Illuminate\\Container\\BoundMethod::call(Object(Illuminate\\Foundation\\Application), Object(Closure), Array, NULL)
#19 /home/akyr/Documents/Code/Larva/Backend/laravel/vendor/laravel/framework/src/Illuminate/Support/ServiceProvider.php(143): Illuminate\\Container\\Container->call(Object(Closure))
#20 /home/akyr/Documents/Code/Larva/Backend/laravel/vendor/laravel/framework/src/Illuminate/Foundation/Application.php(1154): Illuminate\\Support\\ServiceProvider->callBootedCallbacks()
#21 /home/akyr/Documents/Code/Larva/Backend/laravel/vendor/laravel/framework/src/Illuminate/Foundation/Application.php(1132): Illuminate\\Foundation\\Application->bootProvider(Object(Illuminate\\Foundation\\Support\\Providers\\RouteServiceProvider))
#22 [internal function]: Illuminate\\Foundation\\Application->{closure:Illuminate\\Foundation\\Application::boot():1131}(Object(Illuminate\\Foundation\\Support\\Providers\\RouteServiceProvider), 'Illuminate\\\\Foun...')
#23 /home/akyr/Documents/Code/Larva/Backend/laravel/vendor/laravel/framework/src/Illuminate/Foundation/Application.php(1131): array_walk(Array, Object(Closure))
#24 /home/akyr/Documents/Code/Larva/Backend/laravel/vendor/laravel/framework/src/Illuminate/Foundation/Bootstrap/BootProviders.php(17): Illuminate\\Foundation\\Application->boot()
#25 /home/akyr/Documents/Code/Larva/Backend/laravel/vendor/laravel/framework/src/Illuminate/Foundation/Application.php(342): Illuminate\\Foundation\\Bootstrap\\BootProviders->bootstrap(Object(Illuminate\\Foundation\\Application))
#26 /home/akyr/Documents/Code/Larva/Backend/laravel/vendor/laravel/framework/src/Illuminate/Foundation/Console/Kernel.php(473): Illuminate\\Foundation\\Application->bootstrapWith(Array)
#27 /home/akyr/Documents/Code/Larva/Backend/laravel/vendor/laravel/framework/src/Illuminate/Foundation/Console/Kernel.php(195): Illuminate\\Foundation\\Console\\Kernel->bootstrap()
#28 /home/akyr/Documents/Code/Larva/Backend/laravel/vendor/laravel/framework/src/Illuminate/Foundation/Application.php(1235): Illuminate\\Foundation\\Console\\Kernel->handle(Object(Symfony\\Component\\Console\\Input\\ArgvInput), Object(Symfony\\Component\\Console\\Output\\ConsoleOutput))
#29 /home/akyr/Documents/Code/Larva/Backend/laravel/artisan(16): Illuminate\\Foundation\\Application->handleCommand(Object(Symfony\\Component\\Console\\Input\\ArgvInput))
#30 {main}
"} 
[2025-09-28 17:27:43] local.ERROR: require(/home/akyr/Documents/Code/Larva/Backend/laravel/bootstrap/../routes/api.php): Failed to open stream: No such file or directory {"exception":"[object] (ErrorException(code: 0): require(/home/akyr/Documents/Code/Larva/Backend/laravel/bootstrap/../routes/api.php): Failed to open stream: No such file or directory at /home/akyr/Documents/Code/Larva/Backend/laravel/vendor/laravel/framework/src/Illuminate/Routing/RouteFileRegistrar.php:34)
[stacktrace]
#0 /home/akyr/Documents/Code/Larva/Backend/laravel/vendor/laravel/framework/src/Illuminate/Foundation/Bootstrap/HandleExceptions.php(258): Illuminate\\Foundation\\Bootstrap\\HandleExceptions->handleError(2, 'require(/home/a...', '/home/akyr/Docu...', 34)
#1 /home/akyr/Documents/Code/Larva/Backend/laravel/vendor/laravel/framework/src/Illuminate/Routing/RouteFileRegistrar.php(34): Illuminate\\Foundation\\Bootstrap\\HandleExceptions->{closure:Illuminate\\Foundation\\Bootstrap\\HandleExceptions::forwardsTo():257}(2, 'require(/home/a...', '/home/akyr/Docu...', 34)
#2 /home/akyr/Documents/Code/Larva/Backend/laravel/vendor/laravel/framework/src/Illuminate/Routing/RouteFileRegistrar.php(34): require('/home/akyr/Docu...')
#3 /home/akyr/Documents/Code/Larva/Backend/laravel/vendor/laravel/framework/src/Illuminate/Routing/Router.php(526): Illuminate\\Routing\\RouteFileRegistrar->register('/home/akyr/Docu...')
#4 /home/akyr/Documents/Code/Larva/Backend/laravel/vendor/laravel/framework/src/Illuminate/Routing/Router.php(480): Illuminate\\Routing\\Router->loadRoutes('/home/akyr/Docu...')
#5 /home/akyr/Documents/Code/Larva/Backend/laravel/vendor/laravel/framework/src/Illuminate/Routing/RouteRegistrar.php(210): Illuminate\\Routing\\Router->group(Array, '/home/akyr/Docu...')
#6 /home/akyr/Documents/Code/Larva/Backend/laravel/vendor/laravel/framework/src/Illuminate/Foundation/Configuration/ApplicationBuilder.php(214): Illuminate\\Routing\\RouteRegistrar->group('/home/akyr/Docu...')
#7 /home/akyr/Documents/Code/Larva/Backend/laravel/vendor/laravel/framework/src/Illuminate/Container/BoundMethod.php(36): Illuminate\\Foundation\\Configuration\\ApplicationBuilder->{closure:Illuminate\\Foundation\\Configuration\\ApplicationBuilder::buildRoutingCallback():205}()
#8 /home/akyr/Documents/Code/Larva/Backend/laravel/vendor/laravel/framework/src/Illuminate/Container/Util.php(43): Illuminate\\Container\\BoundMethod::{closure:Illuminate\\Container\\BoundMethod::call():35}()
#9 /home/akyr/Documents/Code/Larva/Backend/laravel/vendor/laravel/framework/src/Illuminate/Container/BoundMethod.php(84): Illuminate\\Container\\Util::unwrapIfClosure(Object(Closure))
#10 /home/akyr/Documents/Code/Larva/Backend/laravel/vendor/laravel/framework/src/Illuminate/Container/BoundMethod.php(35): Illuminate\\Container\\BoundMethod::callBoundMethod(Object(Illuminate\\Foundation\\Application), Object(Closure), Object(Closure))
#11 /home/akyr/Documents/Code/Larva/Backend/laravel/vendor/laravel/framework/src/Illuminate/Container/Container.php(836): Illuminate\\Container\\BoundMethod::call(Object(Illuminate\\Foundation\\Application), Object(Closure), Array, NULL)
#12 /home/akyr/Documents/Code/Larva/Backend/laravel/vendor/laravel/framework/src/Illuminate/Foundation/Support/Providers/RouteServiceProvider.php(162): Illuminate\\Container\\Container->call(Object(Closure))
#13 /home/akyr/Documents/Code/Larva/Backend/laravel/vendor/laravel/framework/src/Illuminate/Foundation/Support/Providers/RouteServiceProvider.php(59): Illuminate\\Foundation\\Support\\Providers\\RouteServiceProvider->loadRoutes()
#14 /home/akyr/Documents/Code/Larva/Backend/laravel/vendor/laravel/framework/src/Illuminate/Container/BoundMethod.php(36): Illuminate\\Foundation\\Support\\Providers\\RouteServiceProvider->{closure:Illuminate\\Foundation\\Support\\Providers\\RouteServiceProvider::register():53}()
#15 /home/akyr/Documents/Code/Larva/Backend/laravel/vendor/laravel/framework/src/Illuminate/Container/Util.php(43): Illuminate\\Container\\BoundMethod::{closure:Illuminate\\Container\\BoundMethod::call():35}()
#16 /home/akyr/Documents/Code/Larva/Backend/laravel/vendor/laravel/framework/src/Illuminate/Container/BoundMethod.php(84): Illuminate\\Container\\Util::unwrapIfClosure(Object(Closure))
#17 /home/akyr/Documents/Code/Larva/Backend/laravel/vendor/laravel/framework/src/Illuminate/Container/BoundMethod.php(35): Illuminate\\Container\\BoundMethod::callBoundMethod(Object(Illuminate\\Foundation\\Application), Object(Closure), Object(Closure))
#18 /home/akyr/Documents/Code/Larva/Backend/laravel/vendor/laravel/framework/src/Illuminate/Container/Container.php(836): Illuminate\\Container\\BoundMethod::call(Object(Illuminate\\Foundation\\Application), Object(Closure), Array, NULL)
#19 /home/akyr/Documents/Code/Larva/Backend/laravel/vendor/laravel/framework/src/Illuminate/Support/ServiceProvider.php(143): Illuminate\\Container\\Container->call(Object(Closure))
#20 /home/akyr/Documents/Code/Larva/Backend/laravel/vendor/laravel/framework/src/Illuminate/Foundation/Application.php(1154): Illuminate\\Support\\ServiceProvider->callBootedCallbacks()
#21 /home/akyr/Documents/Code/Larva/Backend/laravel/vendor/laravel/framework/src/Illuminate/Foundation/Application.php(1132): Illuminate\\Foundation\\Application->bootProvider(Object(Illuminate\\Foundation\\Support\\Providers\\RouteServiceProvider))
#22 [internal function]: Illuminate\\Foundation\\Application->{closure:Illuminate\\Foundation\\Application::boot():1131}(Object(Illuminate\\Foundation\\Support\\Providers\\RouteServiceProvider), 'Illuminate\\\\Foun...')
#23 /home/akyr/Documents/Code/Larva/Backend/laravel/vendor/laravel/framework/src/Illuminate/Foundation/Application.php(1131): array_walk(Array, Object(Closure))
#24 /home/akyr/Documents/Code/Larva/Backend/laravel/vendor/laravel/framework/src/Illuminate/Foundation/Bootstrap/BootProviders.php(17): Illuminate\\Foundation\\Application->boot()
#25 /home/akyr/Documents/Code/Larva/Backend/laravel/vendor/laravel/framework/src/Illuminate/Foundation/Application.php(342): Illuminate\\Foundation\\Bootstrap\\BootProviders->bootstrap(Object(Illuminate\\Foundation\\Application))
#26 /home/akyr/Documents/Code/Larva/Backend/laravel/vendor/laravel/framework/src/Illuminate/Foundation/Console/Kernel.php(473): Illuminate\\Foundation\\Application->bootstrapWith(Array)
#27 /home/akyr/Documents/Code/Larva/Backend/laravel/vendor/laravel/framework/src/Illuminate/Foundation/Console/Kernel.php(195): Illuminate\\Foundation\\Console\\Kernel->bootstrap()
#28 /home/akyr/Documents/Code/Larva/Backend/laravel/vendor/laravel/framework/src/Illuminate/Foundation/Application.php(1235): Illuminate\\Foundation\\Console\\Kernel->handle(Object(Symfony\\Component\\Console\\Input\\ArgvInput), Object(Symfony\\Component\\Console\\Output\\ConsoleOutput))
#29 /home/akyr/Documents/Code/Larva/Backend/laravel/artisan(16): Illuminate\\Foundation\\Application->handleCommand(Object(Symfony\\Component\\Console\\Input\\ArgvInput))
#30 {main}
"} 
[2025-09-28 17:27:59] local.ERROR: require(/home/akyr/Documents/Code/Larva/Backend/laravel/bootstrap/../routes/api.php): Failed to open stream: No such file or directory {"exception":"[object] (ErrorException(code: 0): require(/home/akyr/Documents/Code/Larva/Backend/laravel/bootstrap/../routes/api.php): Failed to open stream: No such file or directory at /home/akyr/Documents/Code/Larva/Backend/laravel/vendor/laravel/framework/src/Illuminate/Routing/RouteFileRegistrar.php:34)
[stacktrace]
#0 /home/akyr/Documents/Code/Larva/Backend/laravel/vendor/laravel/framework/src/Illuminate/Foundation/Bootstrap/HandleExceptions.php(258): Illuminate\\Foundation\\Bootstrap\\HandleExceptions->handleError(2, 'require(/home/a...', '/home/akyr/Docu...', 34)
#1 /home/akyr/Documents/Code/Larva/Backend/laravel/vendor/laravel/framework/src/Illuminate/Routing/RouteFileRegistrar.php(34): Illuminate\\Foundation\\Bootstrap\\HandleExceptions->{closure:Illuminate\\Foundation\\Bootstrap\\HandleExceptions::forwardsTo():257}(2, 'require(/home/a...', '/home/akyr/Docu...', 34)
#2 /home/akyr/Documents/Code/Larva/Backend/laravel/vendor/laravel/framework/src/Illuminate/Routing/RouteFileRegistrar.php(34): require('/home/akyr/Docu...')
#3 /home/akyr/Documents/Code/Larva/Backend/laravel/vendor/laravel/framework/src/Illuminate/Routing/Router.php(526): Illuminate\\Routing\\RouteFileRegistrar->register('/home/akyr/Docu...')
#4 /home/akyr/Documents/Code/Larva/Backend/laravel/vendor/laravel/framework/src/Illuminate/Routing/Router.php(480): Illuminate\\Routing\\Router->loadRoutes('/home/akyr/Docu...')
#5 /home/akyr/Documents/Code/Larva/Backend/laravel/vendor/laravel/framework/src/Illuminate/Routing/RouteRegistrar.php(210): Illuminate\\Routing\\Router->group(Array, '/home/akyr/Docu...')
#6 /home/akyr/Documents/Code/Larva/Backend/laravel/vendor/laravel/framework/src/Illuminate/Foundation/Configuration/ApplicationBuilder.php(214): Illuminate\\Routing\\RouteRegistrar->group('/home/akyr/Docu...')
#7 /home/akyr/Documents/Code/Larva/Backend/laravel/vendor/laravel/framework/src/Illuminate/Container/BoundMethod.php(36): Illuminate\\Foundation\\Configuration\\ApplicationBuilder->{closure:Illuminate\\Foundation\\Configuration\\ApplicationBuilder::buildRoutingCallback():205}()
#8 /home/akyr/Documents/Code/Larva/Backend/laravel/vendor/laravel/framework/src/Illuminate/Container/Util.php(43): Illuminate\\Container\\BoundMethod::{closure:Illuminate\\Container\\BoundMethod::call():35}()
#9 /home/akyr/Documents/Code/Larva/Backend/laravel/vendor/laravel/framework/src/Illuminate/Container/BoundMethod.php(84): Illuminate\\Container\\Util::unwrapIfClosure(Object(Closure))
#10 /home/akyr/Documents/Code/Larva/Backend/laravel/vendor/laravel/framework/src/Illuminate/Container/BoundMethod.php(35): Illuminate\\Container\\BoundMethod::callBoundMethod(Object(Illuminate\\Foundation\\Application), Object(Closure), Object(Closure))
#11 /home/akyr/Documents/Code/Larva/Backend/laravel/vendor/laravel/framework/src/Illuminate/Container/Container.php(836): Illuminate\\Container\\BoundMethod::call(Object(Illuminate\\Foundation\\Application), Object(Closure), Array, NULL)
#12 /home/akyr/Documents/Code/Larva/Backend/laravel/vendor/laravel/framework/src/Illuminate/Foundation/Support/Providers/RouteServiceProvider.php(162): Illuminate\\Container\\Container->call(Object(Closure))
#13 /home/akyr/Documents/Code/Larva/Backend/laravel/vendor/laravel/framework/src/Illuminate/Foundation/Support/Providers/RouteServiceProvider.php(59): Illuminate\\Foundation\\Support\\Providers\\RouteServiceProvider->loadRoutes()
#14 /home/akyr/Documents/Code/Larva/Backend/laravel/vendor/laravel/framework/src/Illuminate/Container/BoundMethod.php(36): Illuminate\\Foundation\\Support\\Providers\\RouteServiceProvider->{closure:Illuminate\\Foundation\\Support\\Providers\\RouteServiceProvider::register():53}()
#15 /home/akyr/Documents/Code/Larva/Backend/laravel/vendor/laravel/framework/src/Illuminate/Container/Util.php(43): Illuminate\\Container\\BoundMethod::{closure:Illuminate\\Container\\BoundMethod::call():35}()
#16 /home/akyr/Documents/Code/Larva/Backend/laravel/vendor/laravel/framework/src/Illuminate/Container/BoundMethod.php(84): Illuminate\\Container\\Util::unwrapIfClosure(Object(Closure))
#17 /home/akyr/Documents/Code/Larva/Backend/laravel/vendor/laravel/framework/src/Illuminate/Container/BoundMethod.php(35): Illuminate\\Container\\BoundMethod::callBoundMethod(Object(Illuminate\\Foundation\\Application), Object(Closure), Object(Closure))
#18 /home/akyr/Documents/Code/Larva/Backend/laravel/vendor/laravel/framework/src/Illuminate/Container/Container.php(836): Illuminate\\Container\\BoundMethod::call(Object(Illuminate\\Foundation\\Application), Object(Closure), Array, NULL)
#19 /home/akyr/Documents/Code/Larva/Backend/laravel/vendor/laravel/framework/src/Illuminate/Support/ServiceProvider.php(143): Illuminate\\Container\\Container->call(Object(Closure))
#20 /home/akyr/Documents/Code/Larva/Backend/laravel/vendor/laravel/framework/src/Illuminate/Foundation/Application.php(1154): Illuminate\\Support\\ServiceProvider->callBootedCallbacks()
#21 /home/akyr/Documents/Code/Larva/Backend/laravel/vendor/laravel/framework/src/Illuminate/Foundation/Application.php(1132): Illuminate\\Foundation\\Application->bootProvider(Object(Illuminate\\Foundation\\Support\\Providers\\RouteServiceProvider))
#22 [internal function]: Illuminate\\Foundation\\Application->{closure:Illuminate\\Foundation\\Application::boot():1131}(Object(Illuminate\\Foundation\\Support\\Providers\\RouteServiceProvider), 'Illuminate\\\\Foun...')
#23 /home/akyr/Documents/Code/Larva/Backend/laravel/vendor/laravel/framework/src/Illuminate/Foundation/Application.php(1131): array_walk(Array, Object(Closure))
#24 /home/akyr/Documents/Code/Larva/Backend/laravel/vendor/laravel/framework/src/Illuminate/Foundation/Bootstrap/BootProviders.php(17): Illuminate\\Foundation\\Application->boot()
#25 /home/akyr/Documents/Code/Larva/Backend/laravel/vendor/laravel/framework/src/Illuminate/Foundation/Application.php(342): Illuminate\\Foundation\\Bootstrap\\BootProviders->bootstrap(Object(Illuminate\\Foundation\\Application))
#26 /home/akyr/Documents/Code/Larva/Backend/laravel/vendor/laravel/framework/src/Illuminate/Foundation/Console/Kernel.php(473): Illuminate\\Foundation\\Application->bootstrapWith(Array)
#27 /home/akyr/Documents/Code/Larva/Backend/laravel/vendor/laravel/framework/src/Illuminate/Foundation/Console/Kernel.php(195): Illuminate\\Foundation\\Console\\Kernel->bootstrap()
#28 /home/akyr/Documents/Code/Larva/Backend/laravel/vendor/laravel/framework/src/Illuminate/Foundation/Application.php(1235): Illuminate\\Foundation\\Console\\Kernel->handle(Object(Symfony\\Component\\Console\\Input\\ArgvInput), Object(Symfony\\Component\\Console\\Output\\ConsoleOutput))
#29 /home/akyr/Documents/Code/Larva/Backend/laravel/artisan(16): Illuminate\\Foundation\\Application->handleCommand(Object(Symfony\\Component\\Console\\Input\\ArgvInput))
#30 {main}
"} 
[2025-09-28 17:35:37] production.ERROR: require(/home/akyr/Documents/Code/Larva/Backend/bootstrap/../routes/api.php): Failed to open stream: No such file or directory {"exception":"[object] (ErrorException(code: 0): require(/home/akyr/Documents/Code/Larva/Backend/bootstrap/../routes/api.php): Failed to open stream: No such file or directory at /home/akyr/Documents/Code/Larva/Backend/vendor/laravel/framework/src/Illuminate/Routing/RouteFileRegistrar.php:34)
[stacktrace]
#0 /home/akyr/Documents/Code/Larva/Backend/vendor/laravel/framework/src/Illuminate/Foundation/Bootstrap/HandleExceptions.php(258): Illuminate\\Foundation\\Bootstrap\\HandleExceptions->handleError(2, 'require(/home/a...', '/home/akyr/Docu...', 34)
#1 /home/akyr/Documents/Code/Larva/Backend/vendor/laravel/framework/src/Illuminate/Routing/RouteFileRegistrar.php(34): Illuminate\\Foundation\\Bootstrap\\HandleExceptions->{closure:Illuminate\\Foundation\\Bootstrap\\HandleExceptions::forwardsTo():257}(2, 'require(/home/a...', '/home/akyr/Docu...', 34)
#2 /home/akyr/Documents/Code/Larva/Backend/vendor/laravel/framework/src/Illuminate/Routing/RouteFileRegistrar.php(34): require('/home/akyr/Docu...')
#3 /home/akyr/Documents/Code/Larva/Backend/vendor/laravel/framework/src/Illuminate/Routing/Router.php(526): Illuminate\\Routing\\RouteFileRegistrar->register('/home/akyr/Docu...')
#4 /home/akyr/Documents/Code/Larva/Backend/vendor/laravel/framework/src/Illuminate/Routing/Router.php(480): Illuminate\\Routing\\Router->loadRoutes('/home/akyr/Docu...')
#5 /home/akyr/Documents/Code/Larva/Backend/vendor/laravel/framework/src/Illuminate/Routing/RouteRegistrar.php(210): Illuminate\\Routing\\Router->group(Array, '/home/akyr/Docu...')
#6 /home/akyr/Documents/Code/Larva/Backend/vendor/laravel/framework/src/Illuminate/Foundation/Configuration/ApplicationBuilder.php(214): Illuminate\\Routing\\RouteRegistrar->group('/home/akyr/Docu...')
#7 /home/akyr/Documents/Code/Larva/Backend/vendor/laravel/framework/src/Illuminate/Container/BoundMethod.php(36): Illuminate\\Foundation\\Configuration\\ApplicationBuilder->{closure:Illuminate\\Foundation\\Configuration\\ApplicationBuilder::buildRoutingCallback():205}()
#8 /home/akyr/Documents/Code/Larva/Backend/vendor/laravel/framework/src/Illuminate/Container/Util.php(43): Illuminate\\Container\\BoundMethod::{closure:Illuminate\\Container\\BoundMethod::call():35}()
#9 /home/akyr/Documents/Code/Larva/Backend/vendor/laravel/framework/src/Illuminate/Container/BoundMethod.php(84): Illuminate\\Container\\Util::unwrapIfClosure(Object(Closure))
#10 /home/akyr/Documents/Code/Larva/Backend/vendor/laravel/framework/src/Illuminate/Container/BoundMethod.php(35): Illuminate\\Container\\BoundMethod::callBoundMethod(Object(Illuminate\\Foundation\\Application), Object(Closure), Object(Closure))
#11 /home/akyr/Documents/Code/Larva/Backend/vendor/laravel/framework/src/Illuminate/Container/Container.php(836): Illuminate\\Container\\BoundMethod::call(Object(Illuminate\\Foundation\\Application), Object(Closure), Array, NULL)
#12 /home/akyr/Documents/Code/Larva/Backend/vendor/laravel/framework/src/Illuminate/Foundation/Support/Providers/RouteServiceProvider.php(162): Illuminate\\Container\\Container->call(Object(Closure))
#13 /home/akyr/Documents/Code/Larva/Backend/vendor/laravel/framework/src/Illuminate/Foundation/Support/Providers/RouteServiceProvider.php(59): Illuminate\\Foundation\\Support\\Providers\\RouteServiceProvider->loadRoutes()
#14 /home/akyr/Documents/Code/Larva/Backend/vendor/laravel/framework/src/Illuminate/Container/BoundMethod.php(36): Illuminate\\Foundation\\Support\\Providers\\RouteServiceProvider->{closure:Illuminate\\Foundation\\Support\\Providers\\RouteServiceProvider::register():53}()
#15 /home/akyr/Documents/Code/Larva/Backend/vendor/laravel/framework/src/Illuminate/Container/Util.php(43): Illuminate\\Container\\BoundMethod::{closure:Illuminate\\Container\\BoundMethod::call():35}()
#16 /home/akyr/Documents/Code/Larva/Backend/vendor/laravel/framework/src/Illuminate/Container/BoundMethod.php(84): Illuminate\\Container\\Util::unwrapIfClosure(Object(Closure))
#17 /home/akyr/Documents/Code/Larva/Backend/vendor/laravel/framework/src/Illuminate/Container/BoundMethod.php(35): Illuminate\\Container\\BoundMethod::callBoundMethod(Object(Illuminate\\Foundation\\Application), Object(Closure), Object(Closure))
#18 /home/akyr/Documents/Code/Larva/Backend/vendor/laravel/framework/src/Illuminate/Container/Container.php(836): Illuminate\\Container\\BoundMethod::call(Object(Illuminate\\Foundation\\Application), Object(Closure), Array, NULL)
#19 /home/akyr/Documents/Code/Larva/Backend/vendor/laravel/framework/src/Illuminate/Support/ServiceProvider.php(143): Illuminate\\Container\\Container->call(Object(Closure))
#20 /home/akyr/Documents/Code/Larva/Backend/vendor/laravel/framework/src/Illuminate/Foundation/Application.php(1154): Illuminate\\Support\\ServiceProvider->callBootedCallbacks()
#21 /home/akyr/Documents/Code/Larva/Backend/vendor/laravel/framework/src/Illuminate/Foundation/Application.php(1132): Illuminate\\Foundation\\Application->bootProvider(Object(Illuminate\\Foundation\\Support\\Providers\\RouteServiceProvider))
#22 [internal function]: Illuminate\\Foundation\\Application->{closure:Illuminate\\Foundation\\Application::boot():1131}(Object(Illuminate\\Foundation\\Support\\Providers\\RouteServiceProvider), 'Illuminate\\\\Foun...')
#23 /home/akyr/Documents/Code/Larva/Backend/vendor/laravel/framework/src/Illuminate/Foundation/Application.php(1131): array_walk(Array, Object(Closure))
#24 /home/akyr/Documents/Code/Larva/Backend/vendor/laravel/framework/src/Illuminate/Foundation/Bootstrap/BootProviders.php(17): Illuminate\\Foundation\\Application->boot()
#25 /home/akyr/Documents/Code/Larva/Backend/vendor/laravel/framework/src/Illuminate/Foundation/Application.php(342): Illuminate\\Foundation\\Bootstrap\\BootProviders->bootstrap(Object(Illuminate\\Foundation\\Application))
#26 /home/akyr/Documents/Code/Larva/Backend/vendor/laravel/framework/src/Illuminate/Foundation/Console/Kernel.php(473): Illuminate\\Foundation\\Application->bootstrapWith(Array)
#27 /home/akyr/Documents/Code/Larva/Backend/vendor/laravel/framework/src/Illuminate/Foundation/Console/Kernel.php(195): Illuminate\\Foundation\\Console\\Kernel->bootstrap()
#28 /home/akyr/Documents/Code/Larva/Backend/vendor/laravel/framework/src/Illuminate/Foundation/Application.php(1235): Illuminate\\Foundation\\Console\\Kernel->handle(Object(Symfony\\Component\\Console\\Input\\ArgvInput), Object(Symfony\\Component\\Console\\Output\\ConsoleOutput))
#29 /home/akyr/Documents/Code/Larva/Backend/artisan(16): Illuminate\\Foundation\\Application->handleCommand(Object(Symfony\\Component\\Console\\Input\\ArgvInput))
#30 {main}
"} 
[2025-09-28 17:37:07] production.ERROR: require(/home/akyr/Documents/Code/Larva/Backend/bootstrap/../routes/api.php): Failed to open stream: No such file or directory {"exception":"[object] (ErrorException(code: 0): require(/home/akyr/Documents/Code/Larva/Backend/bootstrap/../routes/api.php): Failed to open stream: No such file or directory at /home/akyr/Documents/Code/Larva/Backend/vendor/laravel/framework/src/Illuminate/Routing/RouteFileRegistrar.php:34)
[stacktrace]
#0 /home/akyr/Documents/Code/Larva/Backend/vendor/laravel/framework/src/Illuminate/Foundation/Bootstrap/HandleExceptions.php(258): Illuminate\\Foundation\\Bootstrap\\HandleExceptions->handleError(2, 'require(/home/a...', '/home/akyr/Docu...', 34)
#1 /home/akyr/Documents/Code/Larva/Backend/vendor/laravel/framework/src/Illuminate/Routing/RouteFileRegistrar.php(34): Illuminate\\Foundation\\Bootstrap\\HandleExceptions->{closure:Illuminate\\Foundation\\Bootstrap\\HandleExceptions::forwardsTo():257}(2, 'require(/home/a...', '/home/akyr/Docu...', 34)
#2 /home/akyr/Documents/Code/Larva/Backend/vendor/laravel/framework/src/Illuminate/Routing/RouteFileRegistrar.php(34): require('/home/akyr/Docu...')
#3 /home/akyr/Documents/Code/Larva/Backend/vendor/laravel/framework/src/Illuminate/Routing/Router.php(526): Illuminate\\Routing\\RouteFileRegistrar->register('/home/akyr/Docu...')
#4 /home/akyr/Documents/Code/Larva/Backend/vendor/laravel/framework/src/Illuminate/Routing/Router.php(480): Illuminate\\Routing\\Router->loadRoutes('/home/akyr/Docu...')
#5 /home/akyr/Documents/Code/Larva/Backend/vendor/laravel/framework/src/Illuminate/Routing/RouteRegistrar.php(210): Illuminate\\Routing\\Router->group(Array, '/home/akyr/Docu...')
#6 /home/akyr/Documents/Code/Larva/Backend/vendor/laravel/framework/src/Illuminate/Foundation/Configuration/ApplicationBuilder.php(214): Illuminate\\Routing\\RouteRegistrar->group('/home/akyr/Docu...')
#7 /home/akyr/Documents/Code/Larva/Backend/vendor/laravel/framework/src/Illuminate/Container/BoundMethod.php(36): Illuminate\\Foundation\\Configuration\\ApplicationBuilder->{closure:Illuminate\\Foundation\\Configuration\\ApplicationBuilder::buildRoutingCallback():205}()
#8 /home/akyr/Documents/Code/Larva/Backend/vendor/laravel/framework/src/Illuminate/Container/Util.php(43): Illuminate\\Container\\BoundMethod::{closure:Illuminate\\Container\\BoundMethod::call():35}()
#9 /home/akyr/Documents/Code/Larva/Backend/vendor/laravel/framework/src/Illuminate/Container/BoundMethod.php(84): Illuminate\\Container\\Util::unwrapIfClosure(Object(Closure))
#10 /home/akyr/Documents/Code/Larva/Backend/vendor/laravel/framework/src/Illuminate/Container/BoundMethod.php(35): Illuminate\\Container\\BoundMethod::callBoundMethod(Object(Illuminate\\Foundation\\Application), Object(Closure), Object(Closure))
#11 /home/akyr/Documents/Code/Larva/Backend/vendor/laravel/framework/src/Illuminate/Container/Container.php(836): Illuminate\\Container\\BoundMethod::call(Object(Illuminate\\Foundation\\Application), Object(Closure), Array, NULL)
#12 /home/akyr/Documents/Code/Larva/Backend/vendor/laravel/framework/src/Illuminate/Foundation/Support/Providers/RouteServiceProvider.php(162): Illuminate\\Container\\Container->call(Object(Closure))
#13 /home/akyr/Documents/Code/Larva/Backend/vendor/laravel/framework/src/Illuminate/Foundation/Support/Providers/RouteServiceProvider.php(59): Illuminate\\Foundation\\Support\\Providers\\RouteServiceProvider->loadRoutes()
#14 /home/akyr/Documents/Code/Larva/Backend/vendor/laravel/framework/src/Illuminate/Container/BoundMethod.php(36): Illuminate\\Foundation\\Support\\Providers\\RouteServiceProvider->{closure:Illuminate\\Foundation\\Support\\Providers\\RouteServiceProvider::register():53}()
#15 /home/akyr/Documents/Code/Larva/Backend/vendor/laravel/framework/src/Illuminate/Container/Util.php(43): Illuminate\\Container\\BoundMethod::{closure:Illuminate\\Container\\BoundMethod::call():35}()
#16 /home/akyr/Documents/Code/Larva/Backend/vendor/laravel/framework/src/Illuminate/Container/BoundMethod.php(84): Illuminate\\Container\\Util::unwrapIfClosure(Object(Closure))
#17 /home/akyr/Documents/Code/Larva/Backend/vendor/laravel/framework/src/Illuminate/Container/BoundMethod.php(35): Illuminate\\Container\\BoundMethod::callBoundMethod(Object(Illuminate\\Foundation\\Application), Object(Closure), Object(Closure))
#18 /home/akyr/Documents/Code/Larva/Backend/vendor/laravel/framework/src/Illuminate/Container/Container.php(836): Illuminate\\Container\\BoundMethod::call(Object(Illuminate\\Foundation\\Application), Object(Closure), Array, NULL)
#19 /home/akyr/Documents/Code/Larva/Backend/vendor/laravel/framework/src/Illuminate/Support/ServiceProvider.php(143): Illuminate\\Container\\Container->call(Object(Closure))
#20 /home/akyr/Documents/Code/Larva/Backend/vendor/laravel/framework/src/Illuminate/Foundation/Application.php(1154): Illuminate\\Support\\ServiceProvider->callBootedCallbacks()
#21 /home/akyr/Documents/Code/Larva/Backend/vendor/laravel/framework/src/Illuminate/Foundation/Application.php(1132): Illuminate\\Foundation\\Application->bootProvider(Object(Illuminate\\Foundation\\Support\\Providers\\RouteServiceProvider))
#22 [internal function]: Illuminate\\Foundation\\Application->{closure:Illuminate\\Foundation\\Application::boot():1131}(Object(Illuminate\\Foundation\\Support\\Providers\\RouteServiceProvider), 'Illuminate\\\\Foun...')
#23 /home/akyr/Documents/Code/Larva/Backend/vendor/laravel/framework/src/Illuminate/Foundation/Application.php(1131): array_walk(Array, Object(Closure))
#24 /home/akyr/Documents/Code/Larva/Backend/vendor/laravel/framework/src/Illuminate/Foundation/Bootstrap/BootProviders.php(17): Illuminate\\Foundation\\Application->boot()
#25 /home/akyr/Documents/Code/Larva/Backend/vendor/laravel/framework/src/Illuminate/Foundation/Application.php(342): Illuminate\\Foundation\\Bootstrap\\BootProviders->bootstrap(Object(Illuminate\\Foundation\\Application))
#26 /home/akyr/Documents/Code/Larva/Backend/vendor/laravel/framework/src/Illuminate/Foundation/Console/Kernel.php(473): Illuminate\\Foundation\\Application->bootstrapWith(Array)
#27 /home/akyr/Documents/Code/Larva/Backend/vendor/laravel/framework/src/Illuminate/Foundation/Console/Kernel.php(195): Illuminate\\Foundation\\Console\\Kernel->bootstrap()
#28 /home/akyr/Documents/Code/Larva/Backend/vendor/laravel/framework/src/Illuminate/Foundation/Application.php(1235): Illuminate\\Foundation\\Console\\Kernel->handle(Object(Symfony\\Component\\Console\\Input\\ArgvInput), Object(Symfony\\Component\\Console\\Output\\ConsoleOutput))
#29 /home/akyr/Documents/Code/Larva/Backend/artisan(16): Illuminate\\Foundation\\Application->handleCommand(Object(Symfony\\Component\\Console\\Input\\ArgvInput))
#30 {main}
"} 
[2025-09-28 17:40:51] production.ERROR: require(/home/akyr/Documents/Code/Larva/Backend/bootstrap/../routes/api.php): Failed to open stream: No such file or directory {"exception":"[object] (ErrorException(code: 0): require(/home/akyr/Documents/Code/Larva/Backend/bootstrap/../routes/api.php): Failed to open stream: No such file or directory at /home/akyr/Documents/Code/Larva/Backend/vendor/laravel/framework/src/Illuminate/Routing/RouteFileRegistrar.php:34)
[stacktrace]
#0 /home/akyr/Documents/Code/Larva/Backend/vendor/laravel/framework/src/Illuminate/Foundation/Bootstrap/HandleExceptions.php(258): Illuminate\\Foundation\\Bootstrap\\HandleExceptions->handleError(2, 'require(/home/a...', '/home/akyr/Docu...', 34)
#1 /home/akyr/Documents/Code/Larva/Backend/vendor/laravel/framework/src/Illuminate/Routing/RouteFileRegistrar.php(34): Illuminate\\Foundation\\Bootstrap\\HandleExceptions->{closure:Illuminate\\Foundation\\Bootstrap\\HandleExceptions::forwardsTo():257}(2, 'require(/home/a...', '/home/akyr/Docu...', 34)
#2 /home/akyr/Documents/Code/Larva/Backend/vendor/laravel/framework/src/Illuminate/Routing/RouteFileRegistrar.php(34): require('/home/akyr/Docu...')
#3 /home/akyr/Documents/Code/Larva/Backend/vendor/laravel/framework/src/Illuminate/Routing/Router.php(526): Illuminate\\Routing\\RouteFileRegistrar->register('/home/akyr/Docu...')
#4 /home/akyr/Documents/Code/Larva/Backend/vendor/laravel/framework/src/Illuminate/Routing/Router.php(480): Illuminate\\Routing\\Router->loadRoutes('/home/akyr/Docu...')
#5 /home/akyr/Documents/Code/Larva/Backend/vendor/laravel/framework/src/Illuminate/Routing/RouteRegistrar.php(210): Illuminate\\Routing\\Router->group(Array, '/home/akyr/Docu...')
#6 /home/akyr/Documents/Code/Larva/Backend/vendor/laravel/framework/src/Illuminate/Foundation/Configuration/ApplicationBuilder.php(214): Illuminate\\Routing\\RouteRegistrar->group('/home/akyr/Docu...')
#7 /home/akyr/Documents/Code/Larva/Backend/vendor/laravel/framework/src/Illuminate/Container/BoundMethod.php(36): Illuminate\\Foundation\\Configuration\\ApplicationBuilder->{closure:Illuminate\\Foundation\\Configuration\\ApplicationBuilder::buildRoutingCallback():205}()
#8 /home/akyr/Documents/Code/Larva/Backend/vendor/laravel/framework/src/Illuminate/Container/Util.php(43): Illuminate\\Container\\BoundMethod::{closure:Illuminate\\Container\\BoundMethod::call():35}()
#9 /home/akyr/Documents/Code/Larva/Backend/vendor/laravel/framework/src/Illuminate/Container/BoundMethod.php(84): Illuminate\\Container\\Util::unwrapIfClosure(Object(Closure))
#10 /home/akyr/Documents/Code/Larva/Backend/vendor/laravel/framework/src/Illuminate/Container/BoundMethod.php(35): Illuminate\\Container\\BoundMethod::callBoundMethod(Object(Illuminate\\Foundation\\Application), Object(Closure), Object(Closure))
#11 /home/akyr/Documents/Code/Larva/Backend/vendor/laravel/framework/src/Illuminate/Container/Container.php(836): Illuminate\\Container\\BoundMethod::call(Object(Illuminate\\Foundation\\Application), Object(Closure), Array, NULL)
#12 /home/akyr/Documents/Code/Larva/Backend/vendor/laravel/framework/src/Illuminate/Foundation/Support/Providers/RouteServiceProvider.php(162): Illuminate\\Container\\Container->call(Object(Closure))
#13 /home/akyr/Documents/Code/Larva/Backend/vendor/laravel/framework/src/Illuminate/Foundation/Support/Providers/RouteServiceProvider.php(59): Illuminate\\Foundation\\Support\\Providers\\RouteServiceProvider->loadRoutes()
#14 /home/akyr/Documents/Code/Larva/Backend/vendor/laravel/framework/src/Illuminate/Container/BoundMethod.php(36): Illuminate\\Foundation\\Support\\Providers\\RouteServiceProvider->{closure:Illuminate\\Foundation\\Support\\Providers\\RouteServiceProvider::register():53}()
#15 /home/akyr/Documents/Code/Larva/Backend/vendor/laravel/framework/src/Illuminate/Container/Util.php(43): Illuminate\\Container\\BoundMethod::{closure:Illuminate\\Container\\BoundMethod::call():35}()
#16 /home/akyr/Documents/Code/Larva/Backend/vendor/laravel/framework/src/Illuminate/Container/BoundMethod.php(84): Illuminate\\Container\\Util::unwrapIfClosure(Object(Closure))
#17 /home/akyr/Documents/Code/Larva/Backend/vendor/laravel/framework/src/Illuminate/Container/BoundMethod.php(35): Illuminate\\Container\\BoundMethod::callBoundMethod(Object(Illuminate\\Foundation\\Application), Object(Closure), Object(Closure))
#18 /home/akyr/Documents/Code/Larva/Backend/vendor/laravel/framework/src/Illuminate/Container/Container.php(836): Illuminate\\Container\\BoundMethod::call(Object(Illuminate\\Foundation\\Application), Object(Closure), Array, NULL)
#19 /home/akyr/Documents/Code/Larva/Backend/vendor/laravel/framework/src/Illuminate/Support/ServiceProvider.php(143): Illuminate\\Container\\Container->call(Object(Closure))
#20 /home/akyr/Documents/Code/Larva/Backend/vendor/laravel/framework/src/Illuminate/Foundation/Application.php(1154): Illuminate\\Support\\ServiceProvider->callBootedCallbacks()
#21 /home/akyr/Documents/Code/Larva/Backend/vendor/laravel/framework/src/Illuminate/Foundation/Application.php(1132): Illuminate\\Foundation\\Application->bootProvider(Object(Illuminate\\Foundation\\Support\\Providers\\RouteServiceProvider))
#22 [internal function]: Illuminate\\Foundation\\Application->{closure:Illuminate\\Foundation\\Application::boot():1131}(Object(Illuminate\\Foundation\\Support\\Providers\\RouteServiceProvider), 'Illuminate\\\\Foun...')
#23 /home/akyr/Documents/Code/Larva/Backend/vendor/laravel/framework/src/Illuminate/Foundation/Application.php(1131): array_walk(Array, Object(Closure))
#24 /home/akyr/Documents/Code/Larva/Backend/vendor/laravel/framework/src/Illuminate/Foundation/Bootstrap/BootProviders.php(17): Illuminate\\Foundation\\Application->boot()
#25 /home/akyr/Documents/Code/Larva/Backend/vendor/laravel/framework/src/Illuminate/Foundation/Application.php(342): Illuminate\\Foundation\\Bootstrap\\BootProviders->bootstrap(Object(Illuminate\\Foundation\\Application))
#26 /home/akyr/Documents/Code/Larva/Backend/vendor/laravel/framework/src/Illuminate/Foundation/Console/Kernel.php(473): Illuminate\\Foundation\\Application->bootstrapWith(Array)
#27 /home/akyr/Documents/Code/Larva/Backend/vendor/laravel/framework/src/Illuminate/Foundation/Console/Kernel.php(195): Illuminate\\Foundation\\Console\\Kernel->bootstrap()
#28 /home/akyr/Documents/Code/Larva/Backend/vendor/laravel/framework/src/Illuminate/Foundation/Application.php(1235): Illuminate\\Foundation\\Console\\Kernel->handle(Object(Symfony\\Component\\Console\\Input\\ArgvInput), Object(Symfony\\Component\\Console\\Output\\ConsoleOutput))
#29 /home/akyr/Documents/Code/Larva/Backend/artisan(16): Illuminate\\Foundation\\Application->handleCommand(Object(Symfony\\Component\\Console\\Input\\ArgvInput))
#30 {main}
"} 
[2025-09-28 17:41:16] production.ERROR: require(/home/akyr/Documents/Code/Larva/Backend/bootstrap/../routes/api.php): Failed to open stream: No such file or directory {"exception":"[object] (ErrorException(code: 0): require(/home/akyr/Documents/Code/Larva/Backend/bootstrap/../routes/api.php): Failed to open stream: No such file or directory at /home/akyr/Documents/Code/Larva/Backend/vendor/laravel/framework/src/Illuminate/Routing/RouteFileRegistrar.php:34)
[stacktrace]
#0 /home/akyr/Documents/Code/Larva/Backend/vendor/laravel/framework/src/Illuminate/Foundation/Bootstrap/HandleExceptions.php(258): Illuminate\\Foundation\\Bootstrap\\HandleExceptions->handleError(2, 'require(/home/a...', '/home/akyr/Docu...', 34)
#1 /home/akyr/Documents/Code/Larva/Backend/vendor/laravel/framework/src/Illuminate/Routing/RouteFileRegistrar.php(34): Illuminate\\Foundation\\Bootstrap\\HandleExceptions->{closure:Illuminate\\Foundation\\Bootstrap\\HandleExceptions::forwardsTo():257}(2, 'require(/home/a...', '/home/akyr/Docu...', 34)
#2 /home/akyr/Documents/Code/Larva/Backend/vendor/laravel/framework/src/Illuminate/Routing/RouteFileRegistrar.php(34): require('/home/akyr/Docu...')
#3 /home/akyr/Documents/Code/Larva/Backend/vendor/laravel/framework/src/Illuminate/Routing/Router.php(526): Illuminate\\Routing\\RouteFileRegistrar->register('/home/akyr/Docu...')
#4 /home/akyr/Documents/Code/Larva/Backend/vendor/laravel/framework/src/Illuminate/Routing/Router.php(480): Illuminate\\Routing\\Router->loadRoutes('/home/akyr/Docu...')
#5 /home/akyr/Documents/Code/Larva/Backend/vendor/laravel/framework/src/Illuminate/Routing/RouteRegistrar.php(210): Illuminate\\Routing\\Router->group(Array, '/home/akyr/Docu...')
#6 /home/akyr/Documents/Code/Larva/Backend/vendor/laravel/framework/src/Illuminate/Foundation/Configuration/ApplicationBuilder.php(214): Illuminate\\Routing\\RouteRegistrar->group('/home/akyr/Docu...')
#7 /home/akyr/Documents/Code/Larva/Backend/vendor/laravel/framework/src/Illuminate/Container/BoundMethod.php(36): Illuminate\\Foundation\\Configuration\\ApplicationBuilder->{closure:Illuminate\\Foundation\\Configuration\\ApplicationBuilder::buildRoutingCallback():205}()
#8 /home/akyr/Documents/Code/Larva/Backend/vendor/laravel/framework/src/Illuminate/Container/Util.php(43): Illuminate\\Container\\BoundMethod::{closure:Illuminate\\Container\\BoundMethod::call():35}()
#9 /home/akyr/Documents/Code/Larva/Backend/vendor/laravel/framework/src/Illuminate/Container/BoundMethod.php(84): Illuminate\\Container\\Util::unwrapIfClosure(Object(Closure))
#10 /home/akyr/Documents/Code/Larva/Backend/vendor/laravel/framework/src/Illuminate/Container/BoundMethod.php(35): Illuminate\\Container\\BoundMethod::callBoundMethod(Object(Illuminate\\Foundation\\Application), Object(Closure), Object(Closure))
#11 /home/akyr/Documents/Code/Larva/Backend/vendor/laravel/framework/src/Illuminate/Container/Container.php(836): Illuminate\\Container\\BoundMethod::call(Object(Illuminate\\Foundation\\Application), Object(Closure), Array, NULL)
#12 /home/akyr/Documents/Code/Larva/Backend/vendor/laravel/framework/src/Illuminate/Foundation/Support/Providers/RouteServiceProvider.php(162): Illuminate\\Container\\Container->call(Object(Closure))
#13 /home/akyr/Documents/Code/Larva/Backend/vendor/laravel/framework/src/Illuminate/Foundation/Support/Providers/RouteServiceProvider.php(59): Illuminate\\Foundation\\Support\\Providers\\RouteServiceProvider->loadRoutes()
#14 /home/akyr/Documents/Code/Larva/Backend/vendor/laravel/framework/src/Illuminate/Container/BoundMethod.php(36): Illuminate\\Foundation\\Support\\Providers\\RouteServiceProvider->{closure:Illuminate\\Foundation\\Support\\Providers\\RouteServiceProvider::register():53}()
#15 /home/akyr/Documents/Code/Larva/Backend/vendor/laravel/framework/src/Illuminate/Container/Util.php(43): Illuminate\\Container\\BoundMethod::{closure:Illuminate\\Container\\BoundMethod::call():35}()
#16 /home/akyr/Documents/Code/Larva/Backend/vendor/laravel/framework/src/Illuminate/Container/BoundMethod.php(84): Illuminate\\Container\\Util::unwrapIfClosure(Object(Closure))
#17 /home/akyr/Documents/Code/Larva/Backend/vendor/laravel/framework/src/Illuminate/Container/BoundMethod.php(35): Illuminate\\Container\\BoundMethod::callBoundMethod(Object(Illuminate\\Foundation\\Application), Object(Closure), Object(Closure))
#18 /home/akyr/Documents/Code/Larva/Backend/vendor/laravel/framework/src/Illuminate/Container/Container.php(836): Illuminate\\Container\\BoundMethod::call(Object(Illuminate\\Foundation\\Application), Object(Closure), Array, NULL)
#19 /home/akyr/Documents/Code/Larva/Backend/vendor/laravel/framework/src/Illuminate/Support/ServiceProvider.php(143): Illuminate\\Container\\Container->call(Object(Closure))
#20 /home/akyr/Documents/Code/Larva/Backend/vendor/laravel/framework/src/Illuminate/Foundation/Application.php(1154): Illuminate\\Support\\ServiceProvider->callBootedCallbacks()
#21 /home/akyr/Documents/Code/Larva/Backend/vendor/laravel/framework/src/Illuminate/Foundation/Application.php(1132): Illuminate\\Foundation\\Application->bootProvider(Object(Illuminate\\Foundation\\Support\\Providers\\RouteServiceProvider))
#22 [internal function]: Illuminate\\Foundation\\Application->{closure:Illuminate\\Foundation\\Application::boot():1131}(Object(Illuminate\\Foundation\\Support\\Providers\\RouteServiceProvider), 'Illuminate\\\\Foun...')
#23 /home/akyr/Documents/Code/Larva/Backend/vendor/laravel/framework/src/Illuminate/Foundation/Application.php(1131): array_walk(Array, Object(Closure))
#24 /home/akyr/Documents/Code/Larva/Backend/vendor/laravel/framework/src/Illuminate/Foundation/Bootstrap/BootProviders.php(17): Illuminate\\Foundation\\Application->boot()
#25 /home/akyr/Documents/Code/Larva/Backend/vendor/laravel/framework/src/Illuminate/Foundation/Application.php(342): Illuminate\\Foundation\\Bootstrap\\BootProviders->bootstrap(Object(Illuminate\\Foundation\\Application))
#26 /home/akyr/Documents/Code/Larva/Backend/vendor/laravel/framework/src/Illuminate/Foundation/Console/Kernel.php(473): Illuminate\\Foundation\\Application->bootstrapWith(Array)
#27 /home/akyr/Documents/Code/Larva/Backend/vendor/laravel/framework/src/Illuminate/Foundation/Console/Kernel.php(195): Illuminate\\Foundation\\Console\\Kernel->bootstrap()
#28 /home/akyr/Documents/Code/Larva/Backend/vendor/laravel/framework/src/Illuminate/Foundation/Application.php(1235): Illuminate\\Foundation\\Console\\Kernel->handle(Object(Symfony\\Component\\Console\\Input\\ArgvInput), Object(Symfony\\Component\\Console\\Output\\ConsoleOutput))
#29 /home/akyr/Documents/Code/Larva/Backend/artisan(16): Illuminate\\Foundation\\Application->handleCommand(Object(Symfony\\Component\\Console\\Input\\ArgvInput))
#30 {main}
"} 
[2025-09-28 17:44:46] production.ERROR: require(/home/akyr/Documents/Code/Larva/Backend/bootstrap/../routes/api.php): Failed to open stream: No such file or directory {"exception":"[object] (ErrorException(code: 0): require(/home/akyr/Documents/Code/Larva/Backend/bootstrap/../routes/api.php): Failed to open stream: No such file or directory at /home/akyr/Documents/Code/Larva/Backend/vendor/laravel/framework/src/Illuminate/Routing/RouteFileRegistrar.php:34)
[stacktrace]
#0 /home/akyr/Documents/Code/Larva/Backend/vendor/laravel/framework/src/Illuminate/Foundation/Bootstrap/HandleExceptions.php(258): Illuminate\\Foundation\\Bootstrap\\HandleExceptions->handleError(2, 'require(/home/a...', '/home/akyr/Docu...', 34)
#1 /home/akyr/Documents/Code/Larva/Backend/vendor/laravel/framework/src/Illuminate/Routing/RouteFileRegistrar.php(34): Illuminate\\Foundation\\Bootstrap\\HandleExceptions->{closure:Illuminate\\Foundation\\Bootstrap\\HandleExceptions::forwardsTo():257}(2, 'require(/home/a...', '/home/akyr/Docu...', 34)
#2 /home/akyr/Documents/Code/Larva/Backend/vendor/laravel/framework/src/Illuminate/Routing/RouteFileRegistrar.php(34): require('/home/akyr/Docu...')
#3 /home/akyr/Documents/Code/Larva/Backend/vendor/laravel/framework/src/Illuminate/Routing/Router.php(526): Illuminate\\Routing\\RouteFileRegistrar->register('/home/akyr/Docu...')
#4 /home/akyr/Documents/Code/Larva/Backend/vendor/laravel/framework/src/Illuminate/Routing/Router.php(480): Illuminate\\Routing\\Router->loadRoutes('/home/akyr/Docu...')
#5 /home/akyr/Documents/Code/Larva/Backend/vendor/laravel/framework/src/Illuminate/Routing/RouteRegistrar.php(210): Illuminate\\Routing\\Router->group(Array, '/home/akyr/Docu...')
#6 /home/akyr/Documents/Code/Larva/Backend/vendor/laravel/framework/src/Illuminate/Foundation/Configuration/ApplicationBuilder.php(214): Illuminate\\Routing\\RouteRegistrar->group('/home/akyr/Docu...')
#7 /home/akyr/Documents/Code/Larva/Backend/vendor/laravel/framework/src/Illuminate/Container/BoundMethod.php(36): Illuminate\\Foundation\\Configuration\\ApplicationBuilder->{closure:Illuminate\\Foundation\\Configuration\\ApplicationBuilder::buildRoutingCallback():205}()
#8 /home/akyr/Documents/Code/Larva/Backend/vendor/laravel/framework/src/Illuminate/Container/Util.php(43): Illuminate\\Container\\BoundMethod::{closure:Illuminate\\Container\\BoundMethod::call():35}()
#9 /home/akyr/Documents/Code/Larva/Backend/vendor/laravel/framework/src/Illuminate/Container/BoundMethod.php(84): Illuminate\\Container\\Util::unwrapIfClosure(Object(Closure))
#10 /home/akyr/Documents/Code/Larva/Backend/vendor/laravel/framework/src/Illuminate/Container/BoundMethod.php(35): Illuminate\\Container\\BoundMethod::callBoundMethod(Object(Illuminate\\Foundation\\Application), Object(Closure), Object(Closure))
#11 /home/akyr/Documents/Code/Larva/Backend/vendor/laravel/framework/src/Illuminate/Container/Container.php(836): Illuminate\\Container\\BoundMethod::call(Object(Illuminate\\Foundation\\Application), Object(Closure), Array, NULL)
#12 /home/akyr/Documents/Code/Larva/Backend/vendor/laravel/framework/src/Illuminate/Foundation/Support/Providers/RouteServiceProvider.php(162): Illuminate\\Container\\Container->call(Object(Closure))
#13 /home/akyr/Documents/Code/Larva/Backend/vendor/laravel/framework/src/Illuminate/Foundation/Support/Providers/RouteServiceProvider.php(59): Illuminate\\Foundation\\Support\\Providers\\RouteServiceProvider->loadRoutes()
#14 /home/akyr/Documents/Code/Larva/Backend/vendor/laravel/framework/src/Illuminate/Container/BoundMethod.php(36): Illuminate\\Foundation\\Support\\Providers\\RouteServiceProvider->{closure:Illuminate\\Foundation\\Support\\Providers\\RouteServiceProvider::register():53}()
#15 /home/akyr/Documents/Code/Larva/Backend/vendor/laravel/framework/src/Illuminate/Container/Util.php(43): Illuminate\\Container\\BoundMethod::{closure:Illuminate\\Container\\BoundMethod::call():35}()
#16 /home/akyr/Documents/Code/Larva/Backend/vendor/laravel/framework/src/Illuminate/Container/BoundMethod.php(84): Illuminate\\Container\\Util::unwrapIfClosure(Object(Closure))
#17 /home/akyr/Documents/Code/Larva/Backend/vendor/laravel/framework/src/Illuminate/Container/BoundMethod.php(35): Illuminate\\Container\\BoundMethod::callBoundMethod(Object(Illuminate\\Foundation\\Application), Object(Closure), Object(Closure))
#18 /home/akyr/Documents/Code/Larva/Backend/vendor/laravel/framework/src/Illuminate/Container/Container.php(836): Illuminate\\Container\\BoundMethod::call(Object(Illuminate\\Foundation\\Application), Object(Closure), Array, NULL)
#19 /home/akyr/Documents/Code/Larva/Backend/vendor/laravel/framework/src/Illuminate/Support/ServiceProvider.php(143): Illuminate\\Container\\Container->call(Object(Closure))
#20 /home/akyr/Documents/Code/Larva/Backend/vendor/laravel/framework/src/Illuminate/Foundation/Application.php(1154): Illuminate\\Support\\ServiceProvider->callBootedCallbacks()
#21 /home/akyr/Documents/Code/Larva/Backend/vendor/laravel/framework/src/Illuminate/Foundation/Application.php(1132): Illuminate\\Foundation\\Application->bootProvider(Object(Illuminate\\Foundation\\Support\\Providers\\RouteServiceProvider))
#22 [internal function]: Illuminate\\Foundation\\Application->{closure:Illuminate\\Foundation\\Application::boot():1131}(Object(Illuminate\\Foundation\\Support\\Providers\\RouteServiceProvider), 'Illuminate\\\\Foun...')
#23 /home/akyr/Documents/Code/Larva/Backend/vendor/laravel/framework/src/Illuminate/Foundation/Application.php(1131): array_walk(Array, Object(Closure))
#24 /home/akyr/Documents/Code/Larva/Backend/vendor/laravel/framework/src/Illuminate/Foundation/Bootstrap/BootProviders.php(17): Illuminate\\Foundation\\Application->boot()
#25 /home/akyr/Documents/Code/Larva/Backend/vendor/laravel/framework/src/Illuminate/Foundation/Application.php(342): Illuminate\\Foundation\\Bootstrap\\BootProviders->bootstrap(Object(Illuminate\\Foundation\\Application))
#26 /home/akyr/Documents/Code/Larva/Backend/vendor/laravel/framework/src/Illuminate/Foundation/Console/Kernel.php(473): Illuminate\\Foundation\\Application->bootstrapWith(Array)
#27 /home/akyr/Documents/Code/Larva/Backend/vendor/laravel/framework/src/Illuminate/Foundation/Console/Kernel.php(195): Illuminate\\Foundation\\Console\\Kernel->bootstrap()
#28 /home/akyr/Documents/Code/Larva/Backend/vendor/laravel/framework/src/Illuminate/Foundation/Application.php(1235): Illuminate\\Foundation\\Console\\Kernel->handle(Object(Symfony\\Component\\Console\\Input\\ArgvInput), Object(Symfony\\Component\\Console\\Output\\ConsoleOutput))
#29 /home/akyr/Documents/Code/Larva/Backend/artisan(16): Illuminate\\Foundation\\Application->handleCommand(Object(Symfony\\Component\\Console\\Input\\ArgvInput))
#30 {main}
"} 
[2025-09-28 17:51:55] production.ERROR: require(/home/akyr/Documents/Code/Larva/Backend/bootstrap/../routes/api.php): Failed to open stream: No such file or directory {"exception":"[object] (ErrorException(code: 0): require(/home/akyr/Documents/Code/Larva/Backend/bootstrap/../routes/api.php): Failed to open stream: No such file or directory at /home/akyr/Documents/Code/Larva/Backend/vendor/laravel/framework/src/Illuminate/Routing/RouteFileRegistrar.php:34)
[stacktrace]
#0 /home/akyr/Documents/Code/Larva/Backend/vendor/laravel/framework/src/Illuminate/Foundation/Bootstrap/HandleExceptions.php(258): Illuminate\\Foundation\\Bootstrap\\HandleExceptions->handleError(2, 'require(/home/a...', '/home/akyr/Docu...', 34)
#1 /home/akyr/Documents/Code/Larva/Backend/vendor/laravel/framework/src/Illuminate/Routing/RouteFileRegistrar.php(34): Illuminate\\Foundation\\Bootstrap\\HandleExceptions->{closure:Illuminate\\Foundation\\Bootstrap\\HandleExceptions::forwardsTo():257}(2, 'require(/home/a...', '/home/akyr/Docu...', 34)
#2 /home/akyr/Documents/Code/Larva/Backend/vendor/laravel/framework/src/Illuminate/Routing/RouteFileRegistrar.php(34): require('/home/akyr/Docu...')
#3 /home/akyr/Documents/Code/Larva/Backend/vendor/laravel/framework/src/Illuminate/Routing/Router.php(526): Illuminate\\Routing\\RouteFileRegistrar->register('/home/akyr/Docu...')
#4 /home/akyr/Documents/Code/Larva/Backend/vendor/laravel/framework/src/Illuminate/Routing/Router.php(480): Illuminate\\Routing\\Router->loadRoutes('/home/akyr/Docu...')
#5 /home/akyr/Documents/Code/Larva/Backend/vendor/laravel/framework/src/Illuminate/Routing/RouteRegistrar.php(210): Illuminate\\Routing\\Router->group(Array, '/home/akyr/Docu...')
#6 /home/akyr/Documents/Code/Larva/Backend/vendor/laravel/framework/src/Illuminate/Foundation/Configuration/ApplicationBuilder.php(214): Illuminate\\Routing\\RouteRegistrar->group('/home/akyr/Docu...')
#7 /home/akyr/Documents/Code/Larva/Backend/vendor/laravel/framework/src/Illuminate/Container/BoundMethod.php(36): Illuminate\\Foundation\\Configuration\\ApplicationBuilder->{closure:Illuminate\\Foundation\\Configuration\\ApplicationBuilder::buildRoutingCallback():205}()
#8 /home/akyr/Documents/Code/Larva/Backend/vendor/laravel/framework/src/Illuminate/Container/Util.php(43): Illuminate\\Container\\BoundMethod::{closure:Illuminate\\Container\\BoundMethod::call():35}()
#9 /home/akyr/Documents/Code/Larva/Backend/vendor/laravel/framework/src/Illuminate/Container/BoundMethod.php(84): Illuminate\\Container\\Util::unwrapIfClosure(Object(Closure))
#10 /home/akyr/Documents/Code/Larva/Backend/vendor/laravel/framework/src/Illuminate/Container/BoundMethod.php(35): Illuminate\\Container\\BoundMethod::callBoundMethod(Object(Illuminate\\Foundation\\Application), Object(Closure), Object(Closure))
#11 /home/akyr/Documents/Code/Larva/Backend/vendor/laravel/framework/src/Illuminate/Container/Container.php(836): Illuminate\\Container\\BoundMethod::call(Object(Illuminate\\Foundation\\Application), Object(Closure), Array, NULL)
#12 /home/akyr/Documents/Code/Larva/Backend/vendor/laravel/framework/src/Illuminate/Foundation/Support/Providers/RouteServiceProvider.php(162): Illuminate\\Container\\Container->call(Object(Closure))
#13 /home/akyr/Documents/Code/Larva/Backend/vendor/laravel/framework/src/Illuminate/Foundation/Support/Providers/RouteServiceProvider.php(59): Illuminate\\Foundation\\Support\\Providers\\RouteServiceProvider->loadRoutes()
#14 /home/akyr/Documents/Code/Larva/Backend/vendor/laravel/framework/src/Illuminate/Container/BoundMethod.php(36): Illuminate\\Foundation\\Support\\Providers\\RouteServiceProvider->{closure:Illuminate\\Foundation\\Support\\Providers\\RouteServiceProvider::register():53}()
#15 /home/akyr/Documents/Code/Larva/Backend/vendor/laravel/framework/src/Illuminate/Container/Util.php(43): Illuminate\\Container\\BoundMethod::{closure:Illuminate\\Container\\BoundMethod::call():35}()
#16 /home/akyr/Documents/Code/Larva/Backend/vendor/laravel/framework/src/Illuminate/Container/BoundMethod.php(84): Illuminate\\Container\\Util::unwrapIfClosure(Object(Closure))
#17 /home/akyr/Documents/Code/Larva/Backend/vendor/laravel/framework/src/Illuminate/Container/BoundMethod.php(35): Illuminate\\Container\\BoundMethod::callBoundMethod(Object(Illuminate\\Foundation\\Application), Object(Closure), Object(Closure))
#18 /home/akyr/Documents/Code/Larva/Backend/vendor/laravel/framework/src/Illuminate/Container/Container.php(836): Illuminate\\Container\\BoundMethod::call(Object(Illuminate\\Foundation\\Application), Object(Closure), Array, NULL)
#19 /home/akyr/Documents/Code/Larva/Backend/vendor/laravel/framework/src/Illuminate/Support/ServiceProvider.php(143): Illuminate\\Container\\Container->call(Object(Closure))
#20 /home/akyr/Documents/Code/Larva/Backend/vendor/laravel/framework/src/Illuminate/Foundation/Application.php(1154): Illuminate\\Support\\ServiceProvider->callBootedCallbacks()
#21 /home/akyr/Documents/Code/Larva/Backend/vendor/laravel/framework/src/Illuminate/Foundation/Application.php(1132): Illuminate\\Foundation\\Application->bootProvider(Object(Illuminate\\Foundation\\Support\\Providers\\RouteServiceProvider))
#22 [internal function]: Illuminate\\Foundation\\Application->{closure:Illuminate\\Foundation\\Application::boot():1131}(Object(Illuminate\\Foundation\\Support\\Providers\\RouteServiceProvider), 'Illuminate\\\\Foun...')
#23 /home/akyr/Documents/Code/Larva/Backend/vendor/laravel/framework/src/Illuminate/Foundation/Application.php(1131): array_walk(Array, Object(Closure))
#24 /home/akyr/Documents/Code/Larva/Backend/vendor/laravel/framework/src/Illuminate/Foundation/Bootstrap/BootProviders.php(17): Illuminate\\Foundation\\Application->boot()
#25 /home/akyr/Documents/Code/Larva/Backend/vendor/laravel/framework/src/Illuminate/Foundation/Application.php(342): Illuminate\\Foundation\\Bootstrap\\BootProviders->bootstrap(Object(Illuminate\\Foundation\\Application))
#26 /home/akyr/Documents/Code/Larva/Backend/vendor/laravel/framework/src/Illuminate/Foundation/Console/Kernel.php(473): Illuminate\\Foundation\\Application->bootstrapWith(Array)
#27 /home/akyr/Documents/Code/Larva/Backend/vendor/laravel/framework/src/Illuminate/Foundation/Console/Kernel.php(195): Illuminate\\Foundation\\Console\\Kernel->bootstrap()
#28 /home/akyr/Documents/Code/Larva/Backend/vendor/laravel/framework/src/Illuminate/Foundation/Application.php(1235): Illuminate\\Foundation\\Console\\Kernel->handle(Object(Symfony\\Component\\Console\\Input\\ArgvInput), Object(Symfony\\Component\\Console\\Output\\ConsoleOutput))
#29 /home/akyr/Documents/Code/Larva/Backend/artisan(16): Illuminate\\Foundation\\Application->handleCommand(Object(Symfony\\Component\\Console\\Input\\ArgvInput))
#30 {main}
"} 
